\BOOKMARK [0][-]{chapter*.1}{Resumen}{}% 1
\BOOKMARK [0][-]{chapter*.2}{Agradecimientos}{}% 2
\BOOKMARK [0][-]{chapter*.3}{\315ndice general}{}% 3
\BOOKMARK [0][-]{chapter*.4}{\315ndice de figuras}{}% 4
\BOOKMARK [0][-]{chapter*.5}{\315ndice de tablas}{}% 5
\BOOKMARK [0][-]{chapter.1}{Introducci\363n y objetivos}{}% 6
\BOOKMARK [1][-]{section.1.1}{Motivaci\363n}{chapter.1}% 7
\BOOKMARK [1][-]{section.1.2}{Biometr\355a}{chapter.1}% 8
\BOOKMARK [2][-]{subsection.1.2.1}{Etapas en un sistema de reconocimiento biom\351trico}{section.1.2}% 9
\BOOKMARK [2][-]{subsection.1.2.2}{Identificaci\363n y autenticaci\363n}{section.1.2}% 10
\BOOKMARK [1][-]{section.1.3}{Fisiolog\355a del coraz\363n}{chapter.1}% 11
\BOOKMARK [1][-]{section.1.4}{ECG como modalidad biom\351trica}{chapter.1}% 12
\BOOKMARK [1][-]{section.1.5}{Objetivos}{chapter.1}% 13
\BOOKMARK [0][-]{chapter.2}{Estado del arte}{}% 14
\BOOKMARK [1][-]{section.2.1}{Adquisici\363n de datos}{chapter.2}% 15
\BOOKMARK [1][-]{section.2.2}{Procesamiento de la se\361al}{chapter.2}% 16
\BOOKMARK [1][-]{section.2.3}{Comparaci\363n de patrones}{chapter.2}% 17
\BOOKMARK [0][-]{chapter.3}{Desarrollo del sistema propuesto}{}% 18
\BOOKMARK [1][-]{section.3.1}{Contexto y planteamiento del problema }{chapter.3}% 19
\BOOKMARK [1][-]{section.3.2}{Base de datos}{chapter.3}% 20
\BOOKMARK [1][-]{section.3.3}{Prepocesado de la se\361al de ECG}{chapter.3}% 21
\BOOKMARK [2][-]{subsection.3.3.1}{Filtrado de la se\361al}{section.3.3}% 22
\BOOKMARK [2][-]{subsection.3.3.2}{Segmentaci\363n de la se\361al y obtenci\363n del vector V}{section.3.3}% 23
\BOOKMARK [1][-]{section.3.4}{Extracci\363n de caracter\355sticas}{chapter.3}% 24
\BOOKMARK [2][-]{subsection.3.4.1}{Arquitectura de la CNN}{section.3.4}% 25
\BOOKMARK [2][-]{subsection.3.4.2}{Selecci\363n de hiperpar\341metros y entrenamiento de la red}{section.3.4}% 26
\BOOKMARK [2][-]{subsection.3.4.3}{Comparaci\363n de patrones}{section.3.4}% 27
\BOOKMARK [0][-]{chapter.4}{Evaluaci\363n del sistema: resultados experimentales}{}% 28
\BOOKMARK [1][-]{section.4.1}{Identificaci\363n}{chapter.4}% 29
\BOOKMARK [2][-]{subsection.4.1.1}{Primera base de datos}{section.4.1}% 30
\BOOKMARK [2][-]{subsection.4.1.2}{Segunda base de datos}{section.4.1}% 31
\BOOKMARK [2][-]{subsection.4.1.3}{Base de datos completa}{section.4.1}% 32
\BOOKMARK [2][-]{subsection.4.1.4}{Variabilidad intra-clase}{section.4.1}% 33
\BOOKMARK [1][-]{section.4.2}{Autenticaci\363n}{chapter.4}% 34
\BOOKMARK [0][-]{chapter.5}{Conclusiones}{}% 35
\BOOKMARK [1][-]{section.5.1}{Conclusiones}{chapter.5}% 36
\BOOKMARK [1][-]{section.5.2}{Lineas futuras}{chapter.5}% 37
\BOOKMARK [0][-]{appendix.Alph1}{Anexo I: Calidad de las clasificaciones obtenidas en identificaci\363n}{}% 38
\BOOKMARK [1][-]{section.Alph1.1}{Base de datos 1}{appendix.Alph1}% 39
\BOOKMARK [1][-]{section.Alph1.2}{Base de datos 2}{appendix.Alph1}% 40
\BOOKMARK [1][-]{section.Alph1.3}{Base de datos completa}{appendix.Alph1}% 41
\BOOKMARK [0][-]{appendix.Alph2}{ Anexo II: Visualizaci\363n de los vectores de caracter\355sticas con la herramienta PCA}{}% 42
\BOOKMARK [0][-]{appendix.Alph3}{Anexo III: Aspectos \351ticos, econ\363micos, sociales y ambientales}{}% 43
\BOOKMARK [0][-]{appendix*.48}{Bibliograf\355a}{}% 44
