This is pdfTeX, Version 3.14159265-2.6-1.40.20 (MiKTeX 2.9.7200 64-bit) (preloaded format=pdflatex 2019.11.4)  26 MAY 2020 14:25
entering extended mode
**./TFG.tex
(TFG.tex
LaTeX2e <2019-10-01>
("C:\Users\iru97\AppData\Local\Programs\MiKTeX 2.9\tex/latex/base\book.cls"
Document Class: book 2019/08/27 v1.4j Standard LaTeX document class
("C:\Users\iru97\AppData\Local\Programs\MiKTeX 2.9\tex/latex/base\bk11.clo"
File: bk11.clo 2019/08/27 v1.4j Standard LaTeX file (size option)
)
\c@part=\count80
\c@chapter=\count81
\c@section=\count82
\c@subsection=\count83
\c@subsubsection=\count84
\c@paragraph=\count85
\c@subparagraph=\count86
\c@figure=\count87
\c@table=\count88
\abovecaptionskip=\skip41
\belowcaptionskip=\skip42
\bibindent=\dimen102
)
("C:\Users\iru97\AppData\Local\Programs\MiKTeX 2.9\tex/latex/hyperref\hyperref.
sty"
Package: hyperref 2019/09/28 v7.00a Hypertext links for LaTeX

("C:\Users\iru97\AppData\Local\Programs\MiKTeX 2.9\tex/generic/oberdiek\hobsub-
hyperref.sty"
Package: hobsub-hyperref 2016/05/16 v1.14 Bundle oberdiek, subset hyperref (HO)


("C:\Users\iru97\AppData\Local\Programs\MiKTeX 2.9\tex/generic/oberdiek\hobsub-
generic.sty"
Package: hobsub-generic 2016/05/16 v1.14 Bundle oberdiek, subset generic (HO)
Package: hobsub 2016/05/16 v1.14 Construct package bundles (HO)
Package: infwarerr 2016/05/16 v1.4 Providing info/warning/error messages (HO)
Package: ltxcmds 2016/05/16 v1.23 LaTeX kernel commands for general use (HO)
Package: ifluatex 2016/05/16 v1.4 Provides the ifluatex switch (HO)
Package ifluatex Info: LuaTeX not detected.
Package: ifvtex 2016/05/16 v1.6 Detect VTeX and its facilities (HO)
Package ifvtex Info: VTeX not detected.
Package: intcalc 2016/05/16 v1.2 Expandable calculations with integers (HO)
Package: ifpdf 2018/09/07 v3.3 Provides the ifpdf switch
Package: etexcmds 2016/05/16 v1.6 Avoid name clashes with e-TeX commands (HO)
Package: kvsetkeys 2016/05/16 v1.17 Key value parser (HO)
Package: kvdefinekeys 2016/05/16 v1.4 Define keys (HO)
Package: pdftexcmds 2019/07/25 v0.30 Utility functions of pdfTeX for LuaTeX (HO
)
Package pdftexcmds Info: LuaTeX not detected.
Package pdftexcmds Info: \pdf@primitive is available.
Package pdftexcmds Info: \pdf@ifprimitive is available.
Package pdftexcmds Info: \pdfdraftmode found.
Package: pdfescape 2016/05/16 v1.14 Implements pdfTeX's escape features (HO)
Package: bigintcalc 2016/05/16 v1.4 Expandable calculations on big integers (HO
)
Package: bitset 2016/05/16 v1.2 Handle bit-vector datatype (HO)
Package: uniquecounter 2016/05/16 v1.3 Provide unlimited unique counter (HO)
)
Package hobsub Info: Skipping package `hobsub' (already loaded).
Package: letltxmacro 2016/05/16 v1.5 Let assignment for LaTeX macros (HO)
Package: hopatch 2016/05/16 v1.3 Wrapper for package hooks (HO)
Package: xcolor-patch 2016/05/16 xcolor patch
Package: atveryend 2016/05/16 v1.9 Hooks at the very end of document (HO)
Package atveryend Info: \enddocument detected (standard20110627).
Package: atbegshi 2016/06/09 v1.18 At begin shipout hook (HO)
Package: refcount 2016/05/16 v3.5 Data extraction from label references (HO)
Package: hycolor 2016/05/16 v1.8 Color options for hyperref/bookmark (HO)
)
("C:\Users\iru97\AppData\Local\Programs\MiKTeX 2.9\tex/latex/graphics\keyval.st
y"
Package: keyval 2014/10/28 v1.15 key=value parser (DPC)
\KV@toks@=\toks14
)
("C:\Users\iru97\AppData\Local\Programs\MiKTeX 2.9\tex/generic/ifxetex\ifxetex.
sty"
Package: ifxetex 2010/09/12 v0.6 Provides ifxetex conditional
)
("C:\Users\iru97\AppData\Local\Programs\MiKTeX 2.9\tex/latex/oberdiek\auxhook.s
ty"
Package: auxhook 2016/05/16 v1.4 Hooks for auxiliary files (HO)
)
("C:\Users\iru97\AppData\Local\Programs\MiKTeX 2.9\tex/latex/oberdiek\kvoptions
.sty"
Package: kvoptions 2016/05/16 v3.12 Key value format for package options (HO)
)
\@linkdim=\dimen103
\Hy@linkcounter=\count89
\Hy@pagecounter=\count90

("C:\Users\iru97\AppData\Local\Programs\MiKTeX 2.9\tex/latex/hyperref\pd1enc.de
f"
File: pd1enc.def 2019/09/28 v7.00a Hyperref: PDFDocEncoding definition (HO)
Now handling font encoding PD1 ...
... no UTF-8 mapping file for font encoding PD1
)
\Hy@SavedSpaceFactor=\count91

("C:\Users\iru97\AppData\Local\Programs\MiKTeX 2.9\tex/latex/00miktex\hyperref.
cfg"
File: hyperref.cfg 2002/06/06 v1.2 hyperref configuration of TeXLive
)
Package hyperref Info: Hyper figures OFF on input line 4540.
Package hyperref Info: Link nesting OFF on input line 4545.
Package hyperref Info: Hyper index ON on input line 4548.
Package hyperref Info: Plain pages OFF on input line 4555.
Package hyperref Info: Backreferencing OFF on input line 4560.
Package hyperref Info: Implicit mode ON; LaTeX internals redefined.
Package hyperref Info: Bookmarks ON on input line 4793.
\c@Hy@tempcnt=\count92
 ("C:\Users\iru97\AppData\Local\Programs\MiKTeX 2.9\tex/latex/url\url.sty"
\Urlmuskip=\muskip10
Package: url 2013/09/16  ver 3.4  Verb mode for urls, etc.
)
LaTeX Info: Redefining \url on input line 5152.
\XeTeXLinkMargin=\dimen104
\Fld@menulength=\count93
\Field@Width=\dimen105
\Fld@charsize=\dimen106
Package hyperref Info: Hyper figures OFF on input line 6423.
Package hyperref Info: Link nesting OFF on input line 6428.
Package hyperref Info: Hyper index ON on input line 6431.
Package hyperref Info: backreferencing OFF on input line 6438.
Package hyperref Info: Link coloring OFF on input line 6443.
Package hyperref Info: Link coloring with OCG OFF on input line 6448.
Package hyperref Info: PDF/A mode OFF on input line 6453.
LaTeX Info: Redefining \ref on input line 6493.
LaTeX Info: Redefining \pageref on input line 6497.
\Hy@abspage=\count94
\c@Item=\count95
\c@Hfootnote=\count96
)
Package hyperref Info: Driver (autodetected): hpdftex.

("C:\Users\iru97\AppData\Local\Programs\MiKTeX 2.9\tex/latex/hyperref\hpdftex.d
ef"
File: hpdftex.def 2019/09/28 v7.00a Hyperref driver for pdfTeX
\Fld@listcount=\count97
\c@bookmark@seq@number=\count98

("C:\Users\iru97\AppData\Local\Programs\MiKTeX 2.9\tex/latex/oberdiek\rerunfile
check.sty"
Package: rerunfilecheck 2016/05/16 v1.8 Rerun checks for auxiliary files (HO)
Package uniquecounter Info: New unique counter `rerunfilecheck' on input line 2
82.
)
\Hy@SectionHShift=\skip43
)
("C:\Users\iru97\AppData\Local\Programs\MiKTeX 2.9\tex/latex/base\inputenc.sty"
Package: inputenc 2018/08/11 v1.3c Input encoding file
\inpenc@prehook=\toks15
\inpenc@posthook=\toks16
("C:\Users\iru97\AppData\Local\Programs\MiKTeX 2.9\tex/latex/base\latin1.def"
File: latin1.def 2018/08/11 v1.3c Input encoding file
)) ("C:\Users\iru97\AppData\Local\Programs\MiKTeX 2.9\tex/generic/babel\babel.s
ty"
Package: babel 2019/09/27 3.34 The Babel package

("C:\Users\iru97\AppData\Local\Programs\MiKTeX 2.9\tex/generic/babel\switch.def
"
File: switch.def 2019/09/27 3.34 Babel switching mechanism
)
*************************************
* Local config file bblopts.cfg used
*
("C:\Users\iru97\AppData\Local\Programs\MiKTeX 2.9\tex/latex/arabi\bblopts.cfg"
File: bblopts.cfg 2005/09/08 v0.1 add Arabic and Farsi to "declared" options of
 babel
)
("C:\Users\iru97\AppData\Local\Programs\MiKTeX 2.9\tex/latex/babel-english\brit
ish.ldf"
Language: british 2017/06/06 v3.3r English support from the babel system

("C:\Users\iru97\AppData\Local\Programs\MiKTeX 2.9\tex/latex/babel-english\engl
ish.ldf"
Language: english 2017/06/06 v3.3r English support from the babel system

("C:\Users\iru97\AppData\Local\Programs\MiKTeX 2.9\tex/generic/babel\babel.def"
File: babel.def 2019/09/27 3.34 Babel common definitions
\babel@savecnt=\count99
\U@D=\dimen107

("C:\Users\iru97\AppData\Local\Programs\MiKTeX 2.9\tex/generic/babel\txtbabel.d
ef")
\bbl@dirlevel=\count100
)
\l@canadian = a dialect from \language\l@american 
\l@australian = a dialect from \language\l@british 
\l@newzealand = a dialect from \language\l@british 
))
("C:\Users\iru97\AppData\Local\Programs\MiKTeX 2.9\tex/latex/babel-spanish\span
ish.ldf"
Language: spanish.ldf 2016/03/03 v5.0p Spanish support from the babel system
\es@quottoks=\toks17
\es@quotdepth=\count101
Package babel Info: Making " an active character on input line 561.
Package babel Info: Making . an active character on input line 662.
Package babel Info: Making < an active character on input line 707.
Package babel Info: Making > an active character on input line 707.
Package babel Info: Making ' an active character on input line 725.
))
("C:\Users\iru97\AppData\Local\Programs\MiKTeX 2.9\tex/latex/enumitem\enumitem.
sty"
Package: enumitem 2019/06/20 v3.9 Customized lists
\labelindent=\skip44
\enit@outerparindent=\dimen108
\enit@toks=\toks18
\enit@inbox=\box27
\enit@count@id=\count102
\enitdp@description=\count103
)
("C:\Users\iru97\AppData\Local\Programs\MiKTeX 2.9\tex/latex/titlesec\titlesec.
sty"
Package: titlesec 2019/10/16 v2.13 Sectioning titles
\ttl@box=\box28
\beforetitleunit=\skip45
\aftertitleunit=\skip46
\ttl@plus=\dimen109
\ttl@minus=\dimen110
\ttl@toksa=\toks19
\titlewidth=\dimen111
\titlewidthlast=\dimen112
\titlewidthfirst=\dimen113
)
("C:\Users\iru97\AppData\Local\Programs\MiKTeX 2.9\tex/latex/fancyhdr\fancyhdr.
sty"
Package: fancyhdr 2019/01/31 v3.10 Extensive control of page headers and footer
s
\f@nch@headwidth=\skip47
\f@nch@O@elh=\skip48
\f@nch@O@erh=\skip49
\f@nch@O@olh=\skip50
\f@nch@O@orh=\skip51
\f@nch@O@elf=\skip52
\f@nch@O@erf=\skip53
\f@nch@O@olf=\skip54
\f@nch@O@orf=\skip55
)
("C:\Users\iru97\AppData\Local\Programs\MiKTeX 2.9\tex/latex/fancybox\fancybox.
sty"
Package: fancybox 2010/05/15 1.4

Style option: `fancybox' v1.4 <2010/05/15> (tvz)
\@fancybox=\box29
\shadowsize=\dimen114
\@Sbox=\box30
\do@VerbBox=\toks20
\the@fancyput=\toks21
\this@fancyput=\toks22
\EndVerbatimTokens=\toks23
\Verbatim@Outfile=\write3
\Verbatim@Infile=\read1
)
("C:\Users\iru97\AppData\Local\Programs\MiKTeX 2.9\tex/latex/listings\listings.
sty"
\lst@mode=\count104
\lst@gtempboxa=\box31
\lst@token=\toks24
\lst@length=\count105
\lst@currlwidth=\dimen115
\lst@column=\count106
\lst@pos=\count107
\lst@lostspace=\dimen116
\lst@width=\dimen117
\lst@newlines=\count108
\lst@lineno=\count109
\lst@maxwidth=\dimen118

("C:\Users\iru97\AppData\Local\Programs\MiKTeX 2.9\tex/latex/listings\lstmisc.s
ty"
File: lstmisc.sty 2019/09/10 1.8c (Carsten Heinz)
\c@lstnumber=\count110
\lst@skipnumbers=\count111
\lst@framebox=\box32
)
("C:\Users\iru97\AppData\Local\Programs\MiKTeX 2.9\tex/latex/listings\listings.
cfg"
File: listings.cfg 2019/09/10 1.8c listings configuration
))
Package: listings 2019/09/10 1.8c (Carsten Heinz)

("C:\Users\iru97\AppData\Local\Programs\MiKTeX 2.9\tex/latex/setspace\setspace.
sty"
Package: setspace 2011/12/19 v6.7a set line spacing
)
("C:\Users\iru97\AppData\Local\Programs\MiKTeX 2.9\tex/latex/geometry\geometry.
sty"
Package: geometry 2018/04/16 v5.8 Page Geometry
\Gm@cnth=\count112
\Gm@cntv=\count113
\c@Gm@tempcnt=\count114
\Gm@bindingoffset=\dimen119
\Gm@wd@mp=\dimen120
\Gm@odd@mp=\dimen121
\Gm@even@mp=\dimen122
\Gm@layoutwidth=\dimen123
\Gm@layoutheight=\dimen124
\Gm@layouthoffset=\dimen125
\Gm@layoutvoffset=\dimen126
\Gm@dimlist=\toks25

("C:\Users\iru97\AppData\Local\Programs\MiKTeX 2.9\tex/latex/geometry\geometry.
cfg"))
("C:\Users\iru97\AppData\Local\Programs\MiKTeX 2.9\tex/latex/wrapfig\wrapfig.st
y"
\wrapoverhang=\dimen127
\WF@size=\dimen128
\c@WF@wrappedlines=\count115
\WF@box=\box33
\WF@everypar=\toks26
Package: wrapfig 2003/01/31  v 3.6
)
("C:\Users\iru97\AppData\Local\Programs\MiKTeX 2.9\tex/latex/glossaries/base\gl
ossaries.sty"
Package: glossaries 2020/03/19 v4.46 (NLCT)

("C:\Users\iru97\AppData\Local\Programs\MiKTeX 2.9\tex/latex/base\ifthen.sty"
Package: ifthen 2014/09/29 v1.1c Standard LaTeX ifthen package (DPC)
)
("C:\Users\iru97\AppData\Local\Programs\MiKTeX 2.9\tex/latex/xkeyval\xkeyval.st
y"
Package: xkeyval 2014/12/03 v2.7a package option processing (HA)

("C:\Users\iru97\AppData\Local\Programs\MiKTeX 2.9\tex/generic/xkeyval\xkeyval.
tex"
("C:\Users\iru97\AppData\Local\Programs\MiKTeX 2.9\tex/generic/xkeyval\xkvutils
.tex"
\XKV@toks=\toks27
\XKV@tempa@toks=\toks28
)
\XKV@depth=\count116
File: xkeyval.tex 2014/12/03 v2.7a key=value parser (HA)
))
("C:\Users\iru97\AppData\Local\Programs\MiKTeX 2.9\tex/latex/mfirstuc\mfirstuc.
sty"
Package: mfirstuc 2017/11/14 v2.06 (NLCT)

("C:\Users\iru97\AppData\Local\Programs\MiKTeX 2.9\tex/latex/etoolbox\etoolbox.
sty"
Package: etoolbox 2019/09/21 v2.5h e-TeX tools for LaTeX (JAW)
\etb@tempcnta=\count117
)
\@glsmfirst=\toks29
\@glsmrest=\toks30
)
("C:\Users\iru97\AppData\Local\Programs\MiKTeX 2.9\tex/latex/textcase\textcase.
sty"
Package: textcase 2019/09/14 v1.00 Text only upper/lower case changing (DPC)
) ("C:\Users\iru97\AppData\Local\Programs\MiKTeX 2.9\tex/latex/xfor\xfor.sty"
Package: xfor 2009/02/05 v1.05 (NLCT)
)
("C:\Users\iru97\AppData\Local\Programs\MiKTeX 2.9\tex/latex/datatool\datatool-
base.sty"
Package: datatool-base 2019/09/27 v2.32 (NLCT)

("C:\Users\iru97\AppData\Local\Programs\MiKTeX 2.9\tex/latex/amsmath\amsmath.st
y"
Package: amsmath 2019/04/01 v2.17c AMS math features
\@mathmargin=\skip56

For additional information on amsmath, use the `?' option.

("C:\Users\iru97\AppData\Local\Programs\MiKTeX 2.9\tex/latex/amsmath\amstext.st
y"
Package: amstext 2000/06/29 v2.01 AMS text

("C:\Users\iru97\AppData\Local\Programs\MiKTeX 2.9\tex/latex/amsmath\amsgen.sty
"
File: amsgen.sty 1999/11/30 v2.0 generic functions
\@emptytoks=\toks31
\ex@=\dimen129
))
("C:\Users\iru97\AppData\Local\Programs\MiKTeX 2.9\tex/latex/amsmath\amsbsy.sty
"
Package: amsbsy 1999/11/29 v1.2d Bold Symbols
\pmbraise@=\dimen130
)
("C:\Users\iru97\AppData\Local\Programs\MiKTeX 2.9\tex/latex/amsmath\amsopn.sty
"
Package: amsopn 2016/03/08 v2.02 operator names
)
\inf@bad=\count118
LaTeX Info: Redefining \frac on input line 227.
\uproot@=\count119
\leftroot@=\count120
LaTeX Info: Redefining \overline on input line 389.
\classnum@=\count121
\DOTSCASE@=\count122
LaTeX Info: Redefining \ldots on input line 486.
LaTeX Info: Redefining \dots on input line 489.
LaTeX Info: Redefining \cdots on input line 610.
\Mathstrutbox@=\box34
\strutbox@=\box35
\big@size=\dimen131
LaTeX Font Info:    Redeclaring font encoding OML on input line 733.
LaTeX Font Info:    Redeclaring font encoding OMS on input line 734.
\macc@depth=\count123
\c@MaxMatrixCols=\count124
\dotsspace@=\muskip11
\c@parentequation=\count125
\dspbrk@lvl=\count126
\tag@help=\toks32
\row@=\count127
\column@=\count128
\maxfields@=\count129
\andhelp@=\toks33
\eqnshift@=\dimen132
\alignsep@=\dimen133
\tagshift@=\dimen134
\tagwidth@=\dimen135
\totwidth@=\dimen136
\lineht@=\dimen137
\@envbody=\toks34
\multlinegap=\skip57
\multlinetaggap=\skip58
\mathdisplay@stack=\toks35
LaTeX Info: Redefining \[ on input line 2855.
LaTeX Info: Redefining \] on input line 2856.
)
("C:\Users\iru97\AppData\Local\Programs\MiKTeX 2.9\tex/latex/substr\substr.sty"
Package: substr 2009/10/20 v1.2 Handle substrings
\c@su@anzahl=\count130
)
("C:\Users\iru97\AppData\Local\Programs\MiKTeX 2.9\tex/latex/datatool\datatool-
fp.sty"
Package: datatool-fp 2019/09/27 v2.32 (NLCT)
 ("C:\Users\iru97\AppData\Local\Programs\MiKTeX 2.9\tex/latex/fp\fp.sty"
Package: fp 1995/04/02
`Fixed Point Package', Version 0.8, April 2, 1995 (C) Michael Mehlich
("C:\Users\iru97\AppData\Local\Programs\MiKTeX 2.9\tex/latex/fp\defpattern.sty"
Package: defpattern 1994/10/12
\actioncount=\count131
) ("C:\Users\iru97\AppData\Local\Programs\MiKTeX 2.9\tex/latex/fp\fp-basic.sty"
Package: fp-basic 1996/05/13
\FP@xs=\count132
\FP@xia=\count133
\FP@xib=\count134
\FP@xfa=\count135
\FP@xfb=\count136
\FP@rega=\count137
\FP@regb=\count138
\FP@regs=\count139
\FP@times=\count140
) ("C:\Users\iru97\AppData\Local\Programs\MiKTeX 2.9\tex/latex/fp\fp-addons.sty
"
Package: fp-addons 1995/03/15
) ("C:\Users\iru97\AppData\Local\Programs\MiKTeX 2.9\tex/latex/fp\fp-snap.sty"
Package: fp-snap 1995/04/05
) ("C:\Users\iru97\AppData\Local\Programs\MiKTeX 2.9\tex/latex/fp\fp-exp.sty"
Package: fp-exp 1995/04/03
)
("C:\Users\iru97\AppData\Local\Programs\MiKTeX 2.9\tex/latex/fp\fp-trigo.sty"
Package: fp-trigo 1995/04/14
)
("C:\Users\iru97\AppData\Local\Programs\MiKTeX 2.9\tex/latex/fp\fp-pas.sty"
Package: fp-pas 1994/08/29
)
("C:\Users\iru97\AppData\Local\Programs\MiKTeX 2.9\tex/latex/fp\fp-random.sty"
Package: fp-random 1995/02/23
\FPseed=\count141
) ("C:\Users\iru97\AppData\Local\Programs\MiKTeX 2.9\tex/latex/fp\fp-eqn.sty"
Package: fp-eqn 1995/04/03
)
("C:\Users\iru97\AppData\Local\Programs\MiKTeX 2.9\tex/latex/fp\fp-upn.sty"
Package: fp-upn 1996/10/21
)
("C:\Users\iru97\AppData\Local\Programs\MiKTeX 2.9\tex/latex/fp\fp-eval.sty"
Package: fp-eval 1995/04/03
)))
\@dtl@toks=\toks36
\@dtl@tmpcount=\count142
\dtl@tmplength=\skip59
\dtl@sortresult=\count143
\@dtl@numgrpsepcount=\count144
\@dtl@datatype=\count145
\dtl@codeA=\count146
\dtl@codeB=\count147
\@dtl@foreach@level=\count148
)
("C:\Users\iru97\AppData\Local\Programs\MiKTeX 2.9\tex/latex/glossaries/base\gl
ossaries-compatible-307.sty"
Package: glossaries-compatible-307 2020/03/19 v4.46 (NLCT)
)
("C:\Users\iru97\AppData\Local\Programs\MiKTeX 2.9\tex/latex/tracklang\tracklan
g.sty"
Package: tracklang 2019/11/30 v1.4 (NLCT) Track Languages

("C:\Users\iru97\AppData\Local\Programs\MiKTeX 2.9\tex/generic/tracklang\trackl
ang.tex"))
("C:\Users\iru97\AppData\Local\Programs\MiKTeX 2.9\tex/latex/translator\transla
tor.sty"
Package: translator 2019-05-31 v1.12a Easy translation of strings in LaTeX
)
("C:\Users\iru97\AppData\Local\Programs\MiKTeX 2.9\tex/latex/glossaries-spanish
\glossaries-spanish.ldf"
File: glossaries-spanish.ldf 2014/11/23 v1.0

("C:\Users\iru97\AppData\Local\Programs\MiKTeX 2.9\tex/latex/glossaries-spanish
\glossaries-spanish-noenc.ldf"))
("C:\Users\iru97\AppData\Local\Programs\MiKTeX 2.9\tex/latex/glossaries-english
\glossaries-english.ldf"
File: glossaries-english.ldf 2014/11/23 v1.0
)
\gls@level=\count149
\@gls@tmpb=\toks37
\gls@tmplen=\skip60
\glskeylisttok=\toks38
\glslabeltok=\toks39
\glsshorttok=\toks40
\glslongtok=\toks41

("C:\Users\iru97\AppData\Local\Programs\MiKTeX 2.9\tex/latex/glossaries/styles\
glossary-hypernav.sty"
Package: glossary-hypernav 2020/03/19 v4.46 (NLCT)
)
("C:\Users\iru97\AppData\Local\Programs\MiKTeX 2.9\tex/latex/glossaries/styles\
glossary-list.sty"
Package: glossary-list 2020/03/19 v4.46 (NLCT)
\glslistdottedwidth=\skip61
)
("C:\Users\iru97\AppData\Local\Programs\MiKTeX 2.9\tex/latex/glossaries/styles\
glossary-long.sty"
Package: glossary-long 2020/03/19 v4.46 (NLCT)

("C:\Users\iru97\AppData\Local\Programs\MiKTeX 2.9\tex/latex/tools\longtable.st
y"
Package: longtable 2019/02/06 v4.12 Multi-page Table package (DPC)
\LTleft=\skip62
\LTright=\skip63
\LTpre=\skip64
\LTpost=\skip65
\LTchunksize=\count150
\LTcapwidth=\dimen138
\LT@head=\box36
\LT@firsthead=\box37
\LT@foot=\box38
\LT@lastfoot=\box39
\LT@cols=\count151
\LT@rows=\count152
\c@LT@tables=\count153
\c@LT@chunks=\count154
\LT@p@ftn=\toks42
)
\glsdescwidth=\skip66
\glspagelistwidth=\skip67
)
("C:\Users\iru97\AppData\Local\Programs\MiKTeX 2.9\tex/latex/glossaries/styles\
glossary-super.sty"
Package: glossary-super 2020/03/19 v4.46 (NLCT)

("C:\Users\iru97\AppData\Local\Programs\MiKTeX 2.9\tex/latex/supertabular\super
tabular.sty"
Package: supertabular 2020/02/02 v4.1g the supertabular environment
\c@tracingst=\count155
\ST@wd=\dimen139
\ST@rightskip=\skip68
\ST@leftskip=\skip69
\ST@parfillskip=\skip70
\ST@pageleft=\dimen140
\ST@headht=\dimen141
\ST@tailht=\dimen142
\ST@pagesofar=\dimen143
\ST@pboxht=\dimen144
\ST@lineht=\dimen145
\ST@prevht=\dimen146
\ST@toadd=\dimen147
\ST@dimen=\dimen148
\ST@pbox=\box40
))
("C:\Users\iru97\AppData\Local\Programs\MiKTeX 2.9\tex/latex/glossaries/styles\
glossary-tree.sty"
Package: glossary-tree 2020/03/19 v4.46 (NLCT)
\glstreeindent=\skip71
))
\glswrite=\write4
\glo@main@file=\write5
\openout5 = `TFG.glo'.

Package glossaries Info: Writing glossary file TFG.glo on input line 28.
\glo@acronym@file=\write6
\openout6 = `TFG.acn'.

Package glossaries Info: Writing glossary file TFG.acn on input line 28.

("C:\Users\iru97\AppData\Local\Programs\MiKTeX 2.9\tex/latex/tocbibind\tocbibin
d.sty"
Package: tocbibind 2010/10/13 v1.5k extra ToC listings
Package tocbibind Info: The document has chapter divisions on input line 50.


Package tocbibind Note: Using chapter style headings, unless overridden.

)
("C:\Users\iru97\AppData\Local\Programs\MiKTeX 2.9\tex/latex/tools\multicol.sty
"
Package: multicol 2019/03/01 v1.8w multicolumn formatting (FMi)
\c@tracingmulticols=\count156
\mult@box=\box41
\multicol@leftmargin=\dimen149
\c@unbalance=\count157
\c@collectmore=\count158
\doublecol@number=\count159
\multicoltolerance=\count160
\multicolpretolerance=\count161
\full@width=\dimen150
\page@free=\dimen151
\premulticols=\dimen152
\postmulticols=\dimen153
\multicolsep=\skip72
\multicolbaselineskip=\skip73
\partial@page=\box42
\last@line=\box43
\maxbalancingoverflow=\dimen154
\mult@rightbox=\box44
\mult@grightbox=\box45
\mult@gfirstbox=\box46
\mult@firstbox=\box47
\@tempa=\box48
\@tempa=\box49
\@tempa=\box50
\@tempa=\box51
\@tempa=\box52
\@tempa=\box53
\@tempa=\box54
\@tempa=\box55
\@tempa=\box56
\@tempa=\box57
\@tempa=\box58
\@tempa=\box59
\@tempa=\box60
\@tempa=\box61
\@tempa=\box62
\@tempa=\box63
\@tempa=\box64
\c@minrows=\count162
\c@columnbadness=\count163
\c@finalcolumnbadness=\count164
\last@try=\dimen155
\multicolovershoot=\dimen156
\multicolundershoot=\dimen157
\mult@nat@firstbox=\box65
\colbreak@box=\box66
\mc@col@check@num=\count165
)
("C:\Users\iru97\AppData\Local\Programs\MiKTeX 2.9\tex/latex/textpos\textpos.st
y"
Package: textpos 2019/04/15 v1.9.1

Package: textpos 2019/04/15 1.9.1, absolute positioning of text on the page
("C:\Users\iru97\AppData\Local\Programs\MiKTeX 2.9\tex/latex/ms\everyshi.sty"
Package: everyshi 2001/05/15 v3.00 EveryShipout Package (MS)
)
\TP@textbox=\box67
\TP@holdbox=\box68
\TPHorizModule=\dimen158
\TPVertModule=\dimen159
\TP@margin=\dimen160
\TP@absmargin=\dimen161

Grid set 16 x 16 = 37.34424pt x 52.81541pt
\TPboxrulesize=\dimen162
\TP@ox=\dimen163
\TP@oy=\dimen164
\TP@tbargs=\toks43
\TP@prevdepth=\dimen165
TextBlockOrigin set to 0pt x 0pt
)
("C:\Users\iru97\AppData\Local\Programs\MiKTeX 2.9\tex/latex/tools\tabularx.sty
"
Package: tabularx 2016/02/03 v2.11b `tabularx' package (DPC)
 ("C:\Users\iru97\AppData\Local\Programs\MiKTeX 2.9\tex/latex/tools\array.sty"
Package: array 2019/08/31 v2.4l Tabular extension package (FMi)
\col@sep=\dimen166
\ar@mcellbox=\box69
\extrarowheight=\dimen167
\NC@list=\toks44
\extratabsurround=\skip74
\backup@length=\skip75
\ar@cellbox=\box70
)
\TX@col@width=\dimen168
\TX@old@table=\dimen169
\TX@old@col=\dimen170
\TX@target=\dimen171
\TX@delta=\dimen172
\TX@cols=\count166
\TX@ftn=\toks45
)
("C:\Users\iru97\AppData\Local\Programs\MiKTeX 2.9\tex/latex/graphics\graphicx.
sty"
Package: graphicx 2017/06/01 v1.1a Enhanced LaTeX Graphics (DPC,SPQR)

("C:\Users\iru97\AppData\Local\Programs\MiKTeX 2.9\tex/latex/graphics\graphics.
sty"
Package: graphics 2019/07/20 v1.3b Standard LaTeX Graphics (DPC,SPQR)

("C:\Users\iru97\AppData\Local\Programs\MiKTeX 2.9\tex/latex/graphics\trig.sty"
Package: trig 2016/01/03 v1.10 sin cos tan (DPC)
)
("C:\Users\iru97\AppData\Local\Programs\MiKTeX 2.9\tex/latex/graphics-cfg\graph
ics.cfg"
File: graphics.cfg 2016/06/04 v1.11 sample graphics configuration
)
Package graphics Info: Driver file: pdftex.def on input line 105.

("C:\Users\iru97\AppData\Local\Programs\MiKTeX 2.9\tex/latex/graphics-def\pdfte
x.def"
File: pdftex.def 2018/01/08 v1.0l Graphics/color driver for pdftex
))
\Gin@req@height=\dimen173
\Gin@req@width=\dimen174
)
("C:\Users\iru97\AppData\Local\Programs\MiKTeX 2.9\tex/latex/tools\bm.sty"
Package: bm 2019/07/24 v1.2d Bold Symbol Support (DPC/FMi)
\symboldoperators=\mathgroup4
\symboldletters=\mathgroup5
\symboldsymbols=\mathgroup6
LaTeX Font Info:    Redeclaring math alphabet \mathbf on input line 141.
LaTeX Info: Redefining \bm on input line 209.
)
("C:\Users\iru97\AppData\Local\Programs\MiKTeX 2.9\tex/latex/subfigure\subfigur
e.sty"
Package: subfigure 2002/07/30 v2.1.4 subfigure package
\subfigtopskip=\skip76
\subfigcapskip=\skip77
\subfigcaptopadj=\dimen175
\subfigbottomskip=\skip78
\subfigcapmargin=\dimen176
\subfiglabelskip=\skip79
\c@subfigure=\count167
\c@lofdepth=\count168
\c@subtable=\count169
\c@lotdepth=\count170

****************************************
* Local config file subfigure.cfg used *
****************************************

("C:\Users\iru97\AppData\Local\Programs\MiKTeX 2.9\tex/latex/subfigure\subfigur
e.cfg")
\subfig@top=\skip80
\subfig@bottom=\skip81
)
("C:\Users\iru97\AppData\Local\Programs\MiKTeX 2.9\tex/latex/float\float.sty"
Package: float 2001/11/08 v1.3d Float enhancements (AL)
\c@float@type=\count171
\float@exts=\toks46
\float@box=\box71
\@float@everytoks=\toks47
\@floatcapt=\box72
)
("C:\Users\iru97\AppData\Local\Programs\MiKTeX 2.9\tex/latex/amsfonts\amssymb.s
ty"
Package: amssymb 2013/01/14 v3.01 AMS font symbols

("C:\Users\iru97\AppData\Local\Programs\MiKTeX 2.9\tex/latex/amsfonts\amsfonts.
sty"
Package: amsfonts 2013/01/14 v3.01 Basic AMSFonts support
\symAMSa=\mathgroup7
\symAMSb=\mathgroup8
LaTeX Font Info:    Redeclaring math symbol \hbar on input line 98.
LaTeX Font Info:    Overwriting math alphabet `\mathfrak' in version `bold'
(Font)                  U/euf/m/n --> U/euf/b/n on input line 106.
))
("C:\Users\iru97\AppData\Local\Programs\MiKTeX 2.9\tex/latex/base\latexsym.sty"
Package: latexsym 1998/08/17 v2.2e Standard LaTeX package (lasy symbols)
\symlasy=\mathgroup9
LaTeX Font Info:    Overwriting symbol font `lasy' in version `bold'
(Font)                  U/lasy/m/n --> U/lasy/b/n on input line 52.
) ("C:\Users\iru97\AppData\Local\Programs\MiKTeX 2.9\tex/latex/cancel\cancel.st
y"
Package: cancel 2013/04/12 v2.2 Cancel math terms
)
("C:\Users\iru97\AppData\Local\Programs\MiKTeX 2.9\tex/latex/tools\delarray.sty
"
Package: delarray 2014/10/28 v1.01 array delimiter package (DPC)
)
("C:\Users\iru97\AppData\Local\Programs\MiKTeX 2.9\tex/latex/tools\indentfirst.
sty"
Package: indentfirst 1995/11/23 v1.03 Indent first paragraph (DPC)
)
("C:\Users\iru97\AppData\Local\Programs\MiKTeX 2.9\tex/latex/pgf/basiclayer\pgf
.sty"
("C:\Users\iru97\AppData\Local\Programs\MiKTeX 2.9\tex/latex/pgf/utilities\pgfr
cs.sty"
("C:\Users\iru97\AppData\Local\Programs\MiKTeX 2.9\tex/generic/pgf/utilities\pg
futil-common.tex"
\pgfutil@everybye=\toks48
\pgfutil@tempdima=\dimen177
\pgfutil@tempdimb=\dimen178

("C:\Users\iru97\AppData\Local\Programs\MiKTeX 2.9\tex/generic/pgf/utilities\pg
futil-common-lists.tex"))
("C:\Users\iru97\AppData\Local\Programs\MiKTeX 2.9\tex/generic/pgf/utilities\pg
futil-latex.def"
\pgfutil@abb=\box73
)
("C:\Users\iru97\AppData\Local\Programs\MiKTeX 2.9\tex/generic/pgf/utilities\pg
frcs.code.tex"
("C:\Users\iru97\AppData\Local\Programs\MiKTeX 2.9\tex/generic/pgf\pgf.revision
.tex")
Package: pgfrcs 2019/08/03 v3.1.4b (3.1.4b)
))
Package: pgf 2019/08/03 v3.1.4b (3.1.4b)

("C:\Users\iru97\AppData\Local\Programs\MiKTeX 2.9\tex/latex/pgf/basiclayer\pgf
core.sty"
("C:\Users\iru97\AppData\Local\Programs\MiKTeX 2.9\tex/latex/pgf/systemlayer\pg
fsys.sty"
("C:\Users\iru97\AppData\Local\Programs\MiKTeX 2.9\tex/generic/pgf/systemlayer\
pgfsys.code.tex"
Package: pgfsys 2019/08/03 v3.1.4b (3.1.4b)

("C:\Users\iru97\AppData\Local\Programs\MiKTeX 2.9\tex/generic/pgf/utilities\pg
fkeys.code.tex"
\pgfkeys@pathtoks=\toks49
\pgfkeys@temptoks=\toks50

("C:\Users\iru97\AppData\Local\Programs\MiKTeX 2.9\tex/generic/pgf/utilities\pg
fkeysfiltered.code.tex"
\pgfkeys@tmptoks=\toks51
))
\pgf@x=\dimen179
\pgf@y=\dimen180
\pgf@xa=\dimen181
\pgf@ya=\dimen182
\pgf@xb=\dimen183
\pgf@yb=\dimen184
\pgf@xc=\dimen185
\pgf@yc=\dimen186
\pgf@xd=\dimen187
\pgf@yd=\dimen188
\w@pgf@writea=\write7
\r@pgf@reada=\read2
\c@pgf@counta=\count172
\c@pgf@countb=\count173
\c@pgf@countc=\count174
\c@pgf@countd=\count175
\t@pgf@toka=\toks52
\t@pgf@tokb=\toks53
\t@pgf@tokc=\toks54
\pgf@sys@id@count=\count176

("C:\Users\iru97\AppData\Local\Programs\MiKTeX 2.9\tex/generic/pgf/systemlayer\
pgf.cfg"
File: pgf.cfg 2019/08/03 v3.1.4b (3.1.4b)
)
Driver file for pgf: pgfsys-pdftex.def

("C:\Users\iru97\AppData\Local\Programs\MiKTeX 2.9\tex/generic/pgf/systemlayer\
pgfsys-pdftex.def"
File: pgfsys-pdftex.def 2019/08/03 v3.1.4b (3.1.4b)

("C:\Users\iru97\AppData\Local\Programs\MiKTeX 2.9\tex/generic/pgf/systemlayer\
pgfsys-common-pdf.def"
File: pgfsys-common-pdf.def 2019/08/03 v3.1.4b (3.1.4b)
)))
("C:\Users\iru97\AppData\Local\Programs\MiKTeX 2.9\tex/generic/pgf/systemlayer\
pgfsyssoftpath.code.tex"
File: pgfsyssoftpath.code.tex 2019/08/03 v3.1.4b (3.1.4b)
\pgfsyssoftpath@smallbuffer@items=\count177
\pgfsyssoftpath@bigbuffer@items=\count178
)
("C:\Users\iru97\AppData\Local\Programs\MiKTeX 2.9\tex/generic/pgf/systemlayer\
pgfsysprotocol.code.tex"
File: pgfsysprotocol.code.tex 2019/08/03 v3.1.4b (3.1.4b)
))
("C:\Users\iru97\AppData\Local\Programs\MiKTeX 2.9\tex/latex/xcolor\xcolor.sty"
Package: xcolor 2016/05/11 v2.12 LaTeX color extensions (UK)

("C:\Users\iru97\AppData\Local\Programs\MiKTeX 2.9\tex/latex/graphics-cfg\color
.cfg"
File: color.cfg 2016/01/02 v1.6 sample color configuration
)
Package xcolor Info: Driver file: pdftex.def on input line 225.
Package xcolor Info: Model `cmy' substituted by `cmy0' on input line 1348.
Package xcolor Info: Model `hsb' substituted by `rgb' on input line 1352.
Package xcolor Info: Model `RGB' extended on input line 1364.
Package xcolor Info: Model `HTML' substituted by `rgb' on input line 1366.
Package xcolor Info: Model `Hsb' substituted by `hsb' on input line 1367.
Package xcolor Info: Model `tHsb' substituted by `hsb' on input line 1368.
Package xcolor Info: Model `HSB' substituted by `hsb' on input line 1369.
Package xcolor Info: Model `Gray' substituted by `gray' on input line 1370.
Package xcolor Info: Model `wave' substituted by `hsb' on input line 1371.
)
("C:\Users\iru97\AppData\Local\Programs\MiKTeX 2.9\tex/generic/pgf/basiclayer\p
gfcore.code.tex"
Package: pgfcore 2019/08/03 v3.1.4b (3.1.4b)

("C:\Users\iru97\AppData\Local\Programs\MiKTeX 2.9\tex/generic/pgf/math\pgfmath
.code.tex"
("C:\Users\iru97\AppData\Local\Programs\MiKTeX 2.9\tex/generic/pgf/math\pgfmath
calc.code.tex"
("C:\Users\iru97\AppData\Local\Programs\MiKTeX 2.9\tex/generic/pgf/math\pgfmath
util.code.tex")
("C:\Users\iru97\AppData\Local\Programs\MiKTeX 2.9\tex/generic/pgf/math\pgfmath
parser.code.tex"
\pgfmath@dimen=\dimen189
\pgfmath@count=\count179
\pgfmath@box=\box74
\pgfmath@toks=\toks55
\pgfmath@stack@operand=\toks56
\pgfmath@stack@operation=\toks57
)
("C:\Users\iru97\AppData\Local\Programs\MiKTeX 2.9\tex/generic/pgf/math\pgfmath
functions.code.tex"
("C:\Users\iru97\AppData\Local\Programs\MiKTeX 2.9\tex/generic/pgf/math\pgfmath
functions.basic.code.tex")
("C:\Users\iru97\AppData\Local\Programs\MiKTeX 2.9\tex/generic/pgf/math\pgfmath
functions.trigonometric.code.tex")
("C:\Users\iru97\AppData\Local\Programs\MiKTeX 2.9\tex/generic/pgf/math\pgfmath
functions.random.code.tex")
("C:\Users\iru97\AppData\Local\Programs\MiKTeX 2.9\tex/generic/pgf/math\pgfmath
functions.comparison.code.tex")
("C:\Users\iru97\AppData\Local\Programs\MiKTeX 2.9\tex/generic/pgf/math\pgfmath
functions.base.code.tex")
("C:\Users\iru97\AppData\Local\Programs\MiKTeX 2.9\tex/generic/pgf/math\pgfmath
functions.round.code.tex")
("C:\Users\iru97\AppData\Local\Programs\MiKTeX 2.9\tex/generic/pgf/math\pgfmath
functions.misc.code.tex")
("C:\Users\iru97\AppData\Local\Programs\MiKTeX 2.9\tex/generic/pgf/math\pgfmath
functions.integerarithmetics.code.tex")))
("C:\Users\iru97\AppData\Local\Programs\MiKTeX 2.9\tex/generic/pgf/math\pgfmath
float.code.tex"
\c@pgfmathroundto@lastzeros=\count180
))
("C:\Users\iru97\AppData\Local\Programs\MiKTeX 2.9\tex/generic/pgf/math\pgfint.
code.tex")
("C:\Users\iru97\AppData\Local\Programs\MiKTeX 2.9\tex/generic/pgf/basiclayer\p
gfcorepoints.code.tex"
File: pgfcorepoints.code.tex 2019/08/03 v3.1.4b (3.1.4b)
\pgf@picminx=\dimen190
\pgf@picmaxx=\dimen191
\pgf@picminy=\dimen192
\pgf@picmaxy=\dimen193
\pgf@pathminx=\dimen194
\pgf@pathmaxx=\dimen195
\pgf@pathminy=\dimen196
\pgf@pathmaxy=\dimen197
\pgf@xx=\dimen198
\pgf@xy=\dimen199
\pgf@yx=\dimen256
\pgf@yy=\dimen257
\pgf@zx=\dimen258
\pgf@zy=\dimen259
)
("C:\Users\iru97\AppData\Local\Programs\MiKTeX 2.9\tex/generic/pgf/basiclayer\p
gfcorepathconstruct.code.tex"
File: pgfcorepathconstruct.code.tex 2019/08/03 v3.1.4b (3.1.4b)
\pgf@path@lastx=\dimen260
\pgf@path@lasty=\dimen261
)
("C:\Users\iru97\AppData\Local\Programs\MiKTeX 2.9\tex/generic/pgf/basiclayer\p
gfcorepathusage.code.tex"
File: pgfcorepathusage.code.tex 2019/08/03 v3.1.4b (3.1.4b)
\pgf@shorten@end@additional=\dimen262
\pgf@shorten@start@additional=\dimen263
)
("C:\Users\iru97\AppData\Local\Programs\MiKTeX 2.9\tex/generic/pgf/basiclayer\p
gfcorescopes.code.tex"
File: pgfcorescopes.code.tex 2019/08/03 v3.1.4b (3.1.4b)
\pgfpic=\box75
\pgf@hbox=\box76
\pgf@layerbox@main=\box77
\pgf@picture@serial@count=\count181
)
("C:\Users\iru97\AppData\Local\Programs\MiKTeX 2.9\tex/generic/pgf/basiclayer\p
gfcoregraphicstate.code.tex"
File: pgfcoregraphicstate.code.tex 2019/08/03 v3.1.4b (3.1.4b)
\pgflinewidth=\dimen264
)
("C:\Users\iru97\AppData\Local\Programs\MiKTeX 2.9\tex/generic/pgf/basiclayer\p
gfcoretransformations.code.tex"
File: pgfcoretransformations.code.tex 2019/08/03 v3.1.4b (3.1.4b)
\pgf@pt@x=\dimen265
\pgf@pt@y=\dimen266
\pgf@pt@temp=\dimen267
)
("C:\Users\iru97\AppData\Local\Programs\MiKTeX 2.9\tex/generic/pgf/basiclayer\p
gfcorequick.code.tex"
File: pgfcorequick.code.tex 2019/08/03 v3.1.4b (3.1.4b)
)
("C:\Users\iru97\AppData\Local\Programs\MiKTeX 2.9\tex/generic/pgf/basiclayer\p
gfcoreobjects.code.tex"
File: pgfcoreobjects.code.tex 2019/08/03 v3.1.4b (3.1.4b)
)
("C:\Users\iru97\AppData\Local\Programs\MiKTeX 2.9\tex/generic/pgf/basiclayer\p
gfcorepathprocessing.code.tex"
File: pgfcorepathprocessing.code.tex 2019/08/03 v3.1.4b (3.1.4b)
)
("C:\Users\iru97\AppData\Local\Programs\MiKTeX 2.9\tex/generic/pgf/basiclayer\p
gfcorearrows.code.tex"
File: pgfcorearrows.code.tex 2019/08/03 v3.1.4b (3.1.4b)
\pgfarrowsep=\dimen268
)
("C:\Users\iru97\AppData\Local\Programs\MiKTeX 2.9\tex/generic/pgf/basiclayer\p
gfcoreshade.code.tex"
File: pgfcoreshade.code.tex 2019/08/03 v3.1.4b (3.1.4b)
\pgf@max=\dimen269
\pgf@sys@shading@range@num=\count182
\pgf@shadingcount=\count183
)
("C:\Users\iru97\AppData\Local\Programs\MiKTeX 2.9\tex/generic/pgf/basiclayer\p
gfcoreimage.code.tex"
File: pgfcoreimage.code.tex 2019/08/03 v3.1.4b (3.1.4b)

("C:\Users\iru97\AppData\Local\Programs\MiKTeX 2.9\tex/generic/pgf/basiclayer\p
gfcoreexternal.code.tex"
File: pgfcoreexternal.code.tex 2019/08/03 v3.1.4b (3.1.4b)
\pgfexternal@startupbox=\box78
))
("C:\Users\iru97\AppData\Local\Programs\MiKTeX 2.9\tex/generic/pgf/basiclayer\p
gfcorelayers.code.tex"
File: pgfcorelayers.code.tex 2019/08/03 v3.1.4b (3.1.4b)
)
("C:\Users\iru97\AppData\Local\Programs\MiKTeX 2.9\tex/generic/pgf/basiclayer\p
gfcoretransparency.code.tex"
File: pgfcoretransparency.code.tex 2019/08/03 v3.1.4b (3.1.4b)
)
("C:\Users\iru97\AppData\Local\Programs\MiKTeX 2.9\tex/generic/pgf/basiclayer\p
gfcorepatterns.code.tex"
File: pgfcorepatterns.code.tex 2019/08/03 v3.1.4b (3.1.4b)
)
("C:\Users\iru97\AppData\Local\Programs\MiKTeX 2.9\tex/generic/pgf/basiclayer\p
gfcorerdf.code.tex"
File: pgfcorerdf.code.tex 2019/08/03 v3.1.4b (3.1.4b)
)))
("C:\Users\iru97\AppData\Local\Programs\MiKTeX 2.9\tex/generic/pgf/modules\pgfm
oduleshapes.code.tex"
File: pgfmoduleshapes.code.tex 2019/08/03 v3.1.4b (3.1.4b)
\pgfnodeparttextbox=\box79
)
("C:\Users\iru97\AppData\Local\Programs\MiKTeX 2.9\tex/generic/pgf/modules\pgfm
oduleplot.code.tex"
File: pgfmoduleplot.code.tex 2019/08/03 v3.1.4b (3.1.4b)
)
("C:\Users\iru97\AppData\Local\Programs\MiKTeX 2.9\tex/latex/pgf/compatibility\
pgfcomp-version-0-65.sty"
Package: pgfcomp-version-0-65 2019/08/03 v3.1.4b (3.1.4b)
\pgf@nodesepstart=\dimen270
\pgf@nodesepend=\dimen271
)
("C:\Users\iru97\AppData\Local\Programs\MiKTeX 2.9\tex/latex/pgf/compatibility\
pgfcomp-version-1-18.sty"
Package: pgfcomp-version-1-18 2019/08/03 v3.1.4b (3.1.4b)
))
Package hyperref Info: Option `colorlinks' set `true' on input line 55.

("C:\Users\iru97\AppData\Local\Programs\MiKTeX 2.9\tex/latex/caption\caption.st
y"
Package: caption 2019/09/01 v3.3d Customizing captions (AR)

("C:\Users\iru97\AppData\Local\Programs\MiKTeX 2.9\tex/latex/caption\caption3.s
ty"
Package: caption3 2019/09/01 v1.8d caption3 kernel (AR)
Package caption3 Info: TeX engine: e-TeX on input line 64.
\captionmargin=\dimen272
\captionmargin@=\dimen273
\captionwidth=\dimen274
\caption@tempdima=\dimen275
\caption@indent=\dimen276
\caption@parindent=\dimen277
\caption@hangindent=\dimen278
)
\c@caption@flags=\count184
\c@ContinuedFloat=\count185
Package caption Info: float package is loaded.
Package caption Info: hyperref package is loaded.
Package caption Info: listings package is loaded.
Package caption Info: longtable package is loaded.

("C:\Users\iru97\AppData\Local\Programs\MiKTeX 2.9\tex/latex/caption\ltcaption.
sty"
Package: ltcaption 2018/08/26 v1.4a longtable captions (AR)
)
Package caption Info: subfigure package is loaded.
Package caption Info: supertabular package is loaded.
Package caption Info: wrapfig package is loaded.
) (../Settings/Comandos.tex
\c@obs=\count186
\c@imp=\count187
\@float@every@schema=\toks58
\c@schema=\count188
\@float@every@cuadro=\toks59
\c@cuadro=\count189
) (../Settings/Personal.tex

Package Fancyhdr Warning: \fancyhead's `E' option without twoside option is use
less on input line 7.


Package Fancyhdr Warning: \fancyhead's `E' option without twoside option is use
less on input line 8.


Package Fancyhdr Warning: \fancyfoot's `E' option without twoside option is use
less on input line 14.

) (../Glosario/Tex/Glosario.tex) (TFG.aux
LaTeX Info: Redefining \. on input line 32.
LaTeX Info: Redefining \% on input line 32.
LaTeX Info: Redefining \. on input line 38.
LaTeX Info: Redefining \% on input line 38.
)
\openout1 = `TFG.aux'.

LaTeX Font Info:    Checking defaults for OML/cmm/m/it on input line 96.
LaTeX Font Info:    ... okay on input line 96.
LaTeX Font Info:    Checking defaults for T1/cmr/m/n on input line 96.
LaTeX Font Info:    ... okay on input line 96.
LaTeX Font Info:    Checking defaults for OT1/cmr/m/n on input line 96.
LaTeX Font Info:    ... okay on input line 96.
LaTeX Font Info:    Checking defaults for OMS/cmsy/m/n on input line 96.
LaTeX Font Info:    ... okay on input line 96.
LaTeX Font Info:    Checking defaults for OMX/cmex/m/n on input line 96.
LaTeX Font Info:    ... okay on input line 96.
LaTeX Font Info:    Checking defaults for U/cmr/m/n on input line 96.
LaTeX Font Info:    ... okay on input line 96.
LaTeX Font Info:    Checking defaults for PD1/pdf/m/n on input line 96.
LaTeX Font Info:    ... okay on input line 96.
\AtBeginShipoutBox=\box80
Package hyperref Info: Link coloring ON on input line 96.

("C:\Users\iru97\AppData\Local\Programs\MiKTeX 2.9\tex/latex/hyperref\nameref.s
ty"
Package: nameref 2019/09/16 v2.46 Cross-referencing by name of section

("C:\Users\iru97\AppData\Local\Programs\MiKTeX 2.9\tex/generic/oberdiek\gettitl
estring.sty"
Package: gettitlestring 2016/05/16 v1.5 Cleanup title references (HO)
)
\c@section@level=\count190
)
LaTeX Info: Redefining \ref on input line 96.
LaTeX Info: Redefining \pageref on input line 96.
LaTeX Info: Redefining \nameref on input line 96.
 (TFG.out) (TFG.out)
\@outlinefile=\write8
\openout8 = `TFG.out'.

LaTeX Info: Redefining \. on input line 96.
LaTeX Info: Redefining \% on input line 96.
\c@lstlisting=\count191

*geometry* driver: auto-detecting
*geometry* detected driver: pdftex
*geometry* verbose mode - [ preamble ] result:
* driver: pdftex
* paper: a4paper
* layout: <same size as paper>
* layoutoffset:(h,v)=(0.0pt,0.0pt)
* modes: 
* h-part:(L,W,R)=(85.35826pt, 426.79135pt, 85.35826pt)
* v-part:(T,H,B)=(85.35826pt, 674.33032pt, 85.35826pt)
* \paperwidth=597.50787pt
* \paperheight=845.04684pt
* \textwidth=426.79135pt
* \textheight=674.33032pt
* \oddsidemargin=13.08827pt
* \evensidemargin=13.08827pt
* \topmargin=-13.13809pt
* \headheight=18.0pt
* \headsep=14.22636pt
* \topskip=11.0pt
* \footskip=28.45274pt
* \marginparwidth=53.0pt
* \marginparsep=7.0pt
* \columnsep=10.0pt
* \skip\footins=10.0pt plus 4.0pt minus 2.0pt
* \hoffset=0.0pt
* \voffset=0.0pt
* \mag=1000
* \@twocolumnfalse
* \@twosidefalse
* \@mparswitchfalse
* \@reversemarginfalse
* (1in=72.27pt=25.4mm, 1cm=28.453pt)

(TFG.glsdefs) ABD: EveryShipout initializing macros
("C:\Users\iru97\AppData\Local\Programs\MiKTeX 2.9\tex/context/base/mkii\supp-p
df.mkii"
[Loading MPS to PDF converter (version 2006.09.02).]
\scratchcounter=\count192
\scratchdimen=\dimen279
\scratchbox=\box81
\nofMPsegments=\count193
\nofMParguments=\count194
\everyMPshowfont=\toks60
\MPscratchCnt=\count195
\MPscratchDim=\dimen280
\MPnumerator=\count196
\makeMPintoPDFobject=\count197
\everyMPtoPDFconversion=\toks61
)
("C:\Users\iru97\AppData\Local\Programs\MiKTeX 2.9\tex/latex/oberdiek\epstopdf-
base.sty"
Package: epstopdf-base 2016/05/15 v2.6 Base part for package epstopdf

("C:\Users\iru97\AppData\Local\Programs\MiKTeX 2.9\tex/latex/oberdiek\grfext.st
y"
Package: grfext 2016/05/16 v1.2 Manage graphics extensions (HO)
)
Package epstopdf-base Info: Redefining graphics rule for `.eps' on input line 4
38.
Package grfext Info: Graphics extension search list:
(grfext)             [.pdf,.png,.jpg,.mps,.jpeg,.jbig2,.jb2,.PDF,.PNG,.JPG,.JPE
G,.JBIG2,.JB2,.eps]
(grfext)             \AppendGraphicsExtensions on input line 456.
)
Package caption Info: Begin \AtBeginDocument code.
Package caption Info: End \AtBeginDocument code.
 (../Portada2/Tex/Portada2.tex
<../Portada2/Imagenes/logoetsit.jpg, id=182, 2311.88719pt x 715.92468pt>
File: ../Portada2/Imagenes/logoetsit.jpg Graphic file (type jpg)
<use ../Portada2/Imagenes/logoetsit.jpg>
Package pdftex.def Info: ../Portada2/Imagenes/logoetsit.jpg  used on input line
 8.
(pdftex.def)             Requested size: 142.26378pt x 44.04604pt.

Overfull \hbox (9.32133pt too wide) in paragraph at lines 7--15
[]  []   []    
 []

LaTeX Font Info:    Trying to load font information for U+msa on input line 29.

("C:\Users\iru97\AppData\Local\Programs\MiKTeX 2.9\tex/latex/amsfonts\umsa.fd"
File: umsa.fd 2013/01/14 v3.01 AMS symbols A
)
LaTeX Font Info:    Trying to load font information for U+msb on input line 29.

("C:\Users\iru97\AppData\Local\Programs\MiKTeX 2.9\tex/latex/amsfonts\umsb.fd"
File: umsb.fd 2013/01/14 v3.01 AMS symbols B
)
LaTeX Font Info:    Trying to load font information for U+lasy on input line 29
.
("C:\Users\iru97\AppData\Local\Programs\MiKTeX 2.9\tex/latex/base\ulasy.fd"
File: ulasy.fd 1998/08/17 v2.2e LaTeX symbol font definitions
)
[1

\openout4 = `TFG.ist'.


{C:/Users/iru97/AppData/Local/MiKTeX/2.9/pdftex/config/pdftex.map} <../Portada2
/Imagenes/logoetsit.jpg> <../Portada2/Imagenes/LogoUPM.pdf>] [2

])
(../Portada/Tex/Portada.tex
Overfull \hbox (2.43332pt too wide) in paragraph at lines 50--56
 $[]$ 
 []


Underfull \hbox (badness 10000) in paragraph at lines 116--120

 []

[3] [4

]) (../Portada2/Tex/Portada2.tex
File: ../Portada2/Imagenes/logoetsit.jpg Graphic file (type jpg)
<use ../Portada2/Imagenes/logoetsit.jpg>
Package pdftex.def Info: ../Portada2/Imagenes/logoetsit.jpg  used on input line
 8.
(pdftex.def)             Requested size: 142.26378pt x 44.04604pt.

Overfull \hbox (9.32133pt too wide) in paragraph at lines 7--15
[]  []   []    
 []

[5 <../Portada2/Imagenes/LogoUPM.pdf>] [6

]) (../Resumen/Tex/Resumen.tex
[7

]
LaTeX Info: Redefining \. on input line 54.
LaTeX Info: Redefining \% on input line 54.
) (../Agradecimientos/Tex/Agradecimientos.tex
LaTeX Info: Redefining \. on input line 8.
LaTeX Info: Redefining \% on input line 8.
 [8] [9

] [10

]) (TFG.toc
LaTeX Info: Redefining \. on input line 1.
LaTeX Info: Redefining \% on input line 1.


LaTeX Font Warning: Font shape `OT1/cmr/bx/sc' undefined
(Font)              using `OT1/cmr/bx/n' instead on input line 2.


Package spanish Warning: Replacing `OT1/cmr/bx/sc' by 
(spanish)                faked small caps on input line 2.

LaTeX Info: Redefining \. on input line 4.
LaTeX Info: Redefining \% on input line 4.

Package spanish Warning: Replacing `OT1/cmr/bx/sc' by 
(spanish)                faked small caps on input line 5.


Package spanish Warning: Replacing `OT1/cmr/bx/sc' by 
(spanish)                faked small caps on input line 6.


Package spanish Warning: Replacing `OT1/cmr/bx/sc' by 
(spanish)                faked small caps on input line 7.


Package spanish Warning: Replacing `OT1/cmr/bx/sc' by 
(spanish)                faked small caps on input line 8.

[11

]

Package spanish Warning: Replacing `OT1/cmr/bx/sc' by 
(spanish)                faked small caps on input line 41.


Package spanish Warning: Replacing `OT1/cmr/bx/sc' by 
(spanish)                faked small caps on input line 45.


Package spanish Warning: Replacing `OT1/cmr/bx/sc' by 
(spanish)                faked small caps on input line 46.


Package spanish Warning: Replacing `OT1/cmr/bx/sc' by 
(spanish)                faked small caps on input line 47.

LaTeX Info: Redefining \. on input line 47.
LaTeX Info: Redefining \% on input line 47.
[12])
\tf@toc=\write9
\openout9 = `TFG.toc'.

LaTeX Info: Redefining \. on input line 111.
LaTeX Info: Redefining \% on input line 111.
 [13] (TFG.lof
LaTeX Info: Redefining \. on input line 1.
LaTeX Info: Redefining \% on input line 1.
LaTeX Info: Redefining \. on input line 4.
LaTeX Info: Redefining \% on input line 4.
 [14

])
\tf@lof=\write10
\openout10 = `TFG.lof'.

LaTeX Info: Redefining \. on input line 112.
LaTeX Info: Redefining \% on input line 112.
 [15] (TFG.lot
LaTeX Info: Redefining \. on input line 1.
LaTeX Info: Redefining \% on input line 1.
LaTeX Info: Redefining \. on input line 4.
LaTeX Info: Redefining \% on input line 4.
)
\tf@lot=\write11
\openout11 = `TFG.lot'.

 [16

] [17

]
(../Introduccion/Tex/Introduccion.tex
Cap\'{\i }tulo 1.
[1


]
LaTeX Info: Redefining \. on input line 91.
LaTeX Info: Redefining \% on input line 91.
 [2]
LaTeX Info: Redefining \. on input line 115.
LaTeX Info: Redefining \% on input line 115.
 [3]
<../Introduccion/Imagenes//fases_2.png, id=441, 596.2275pt x 252.44313pt>
File: ../Introduccion/Imagenes//fases_2.png Graphic file (type png)
<use ../Introduccion/Imagenes//fases_2.png>
Package pdftex.def Info: ../Introduccion/Imagenes//fases_2.png  used on input l
ine 120.
(pdftex.def)             Requested size: 426.79135pt x 180.70346pt.
LaTeX Info: Redefining \. on input line 140.
LaTeX Info: Redefining \% on input line 140.
 [4 <../Introduccion/Imagenes//fases_2.png>]
<../Introduccion/Imagenes//ECG.png, id=450, 803.0pt x 791.95876pt>
File: ../Introduccion/Imagenes//ECG.png Graphic file (type png)
<use ../Introduccion/Imagenes//ECG.png>
Package pdftex.def Info: ../Introduccion/Imagenes//ECG.png  used on input line 
165.
(pdftex.def)             Requested size: 234.73654pt x 231.51106pt.
LaTeX Info: Redefining \. on input line 173.
LaTeX Info: Redefining \% on input line 173.
 [5 <../Introduccion/Imagenes//ECG.png>]
LaTeX Info: Redefining \. on input line 201.
LaTeX Info: Redefining \% on input line 201.
 [6]
LaTeX Info: Redefining \. on input line 239.
LaTeX Info: Redefining \% on input line 239.
 [7]) (../EstadoArte/Tex/EstadoArte.tex
LaTeX Info: Redefining \. on input line 8.
LaTeX Info: Redefining \% on input line 8.
 [8]
Cap\'{\i }tulo 2.
[9

]
LaTeX Info: Redefining \. on input line 60.
LaTeX Info: Redefining \% on input line 60.
 [10]
LaTeX Info: Redefining \. on input line 126.
LaTeX Info: Redefining \% on input line 126.
 [11]) (../Desarrollo/Tex/Desarrollo.tex
LaTeX Info: Redefining \. on input line 8.
LaTeX Info: Redefining \% on input line 8.
 [12]
Cap\'{\i }tulo 3.
<../Desarrollo/Imagenes//pipeline_1.png, id=560, 808.52063pt x 383.93437pt>
File: ../Desarrollo/Imagenes//pipeline_1.png Graphic file (type png)
<use ../Desarrollo/Imagenes//pipeline_1.png>
Package pdftex.def Info: ../Desarrollo/Imagenes//pipeline_1.png  used on input 
line 27.
(pdftex.def)             Requested size: 384.1096pt x 182.40001pt.
[13

 <../Desarrollo/Imagenes//pipeline_1.png>]
LaTeX Info: Redefining \. on input line 84.
LaTeX Info: Redefining \% on input line 84.
 [14]
LaTeX Font Info:    Trying to load font information for OMS+cmr on input line 8
6.

("C:\Users\iru97\AppData\Local\Programs\MiKTeX 2.9\tex/latex/base\omscmr.fd"
File: omscmr.fd 2014/09/29 v2.5h Standard LaTeX font definitions
)
LaTeX Font Info:    Font shape `OMS/cmr/m/n' in size <10.95> not available
(Font)              Font shape `OMS/cmsy/m/n' tried instead on input line 86.
<../Desarrollo/Imagenes//qrs_sesiones.png, id=586, 462.528pt x 346.896pt>
File: ../Desarrollo/Imagenes//qrs_sesiones.png Graphic file (type png)
<use ../Desarrollo/Imagenes//qrs_sesiones.png>
Package pdftex.def Info: ../Desarrollo/Imagenes//qrs_sesiones.png  used on inpu
t line 116.
(pdftex.def)             Requested size: 128.0387pt x 96.02922pt.
<../Desarrollo/Imagenes//qrs_sentadodepie.png, id=587, 462.528pt x 346.896pt>
File: ../Desarrollo/Imagenes//qrs_sentadodepie.png Graphic file (type png)
<use ../Desarrollo/Imagenes//qrs_sentadodepie.png>
Package pdftex.def Info: ../Desarrollo/Imagenes//qrs_sentadodepie.png  used on 
input line 119.
(pdftex.def)             Requested size: 128.0387pt x 96.02922pt.
<../Desarrollo/Imagenes//qrs_deporte.png, id=588, 462.528pt x 346.896pt>
File: ../Desarrollo/Imagenes//qrs_deporte.png Graphic file (type png)
<use ../Desarrollo/Imagenes//qrs_deporte.png>
Package pdftex.def Info: ../Desarrollo/Imagenes//qrs_deporte.png  used on input
 line 122.
(pdftex.def)             Requested size: 128.0387pt x 96.02922pt.
LaTeX Info: Redefining \. on input line 133.
LaTeX Info: Redefining \% on input line 133.

[15 <../Desarrollo/Imagenes//qrs_sesiones.png> <../Desarrollo/Imagenes//qrs_sen
tadodepie.png> <../Desarrollo/Imagenes//qrs_deporte.png>]
LaTeX Info: Redefining \. on input line 155.
LaTeX Info: Redefining \% on input line 155.
 [16]
<../Desarrollo/Imagenes//filtro.png, id=622, 461.725pt x 232.36812pt>
File: ../Desarrollo/Imagenes//filtro.png Graphic file (type png)
<use ../Desarrollo/Imagenes//filtro.png>
Package pdftex.def Info: ../Desarrollo/Imagenes//filtro.png  used on input line
 158.
(pdftex.def)             Requested size: 341.43437pt x 171.82915pt.
<../Desarrollo/Imagenes//espectro_sin.png, id=624, 2168.1pt x 722.7pt>
File: ../Desarrollo/Imagenes//espectro_sin.png Graphic file (type png)
<use ../Desarrollo/Imagenes//espectro_sin.png>
Package pdftex.def Info: ../Desarrollo/Imagenes//espectro_sin.png  used on inpu
t line 174.
(pdftex.def)             Requested size: 341.43437pt x 113.80379pt.
<../Desarrollo/Imagenes//espectro_filtro.png, id=625, 2168.1pt x 722.7pt>
File: ../Desarrollo/Imagenes//espectro_filtro.png Graphic file (type png)
<use ../Desarrollo/Imagenes//espectro_filtro.png>
Package pdftex.def Info: ../Desarrollo/Imagenes//espectro_filtro.png  used on i
nput line 177.
(pdftex.def)             Requested size: 341.43437pt x 113.80379pt.
LaTeX Info: Redefining \. on input line 184.
LaTeX Info: Redefining \% on input line 184.
 [17 <../Desarrollo/Imagenes//filtro.png> <../Desarrollo/Imagenes//espectro_sin
.png> <../Desarrollo/Imagenes//espectro_filtro.png>]
<../Desarrollo/Imagenes//pan_2.png, id=638, 1084.05pt x 1300.86pt>
File: ../Desarrollo/Imagenes//pan_2.png Graphic file (type png)
<use ../Desarrollo/Imagenes//pan_2.png>
Package pdftex.def Info: ../Desarrollo/Imagenes//pan_2.png  used on input line 
200.
(pdftex.def)             Requested size: 213.39568pt x 256.05855pt.
LaTeX Info: Redefining \. on input line 206.
LaTeX Info: Redefining \% on input line 206.
 [18 <../Desarrollo/Imagenes//pan_2.png>]
<../Desarrollo/Imagenes//picos.png, id=647, 1180.1691pt x 359.1819pt>
File: ../Desarrollo/Imagenes//picos.png Graphic file (type png)
<use ../Desarrollo/Imagenes//picos.png>
Package pdftex.def Info: ../Desarrollo/Imagenes//picos.png  used on input line 
212.
(pdftex.def)             Requested size: 426.79135pt x 129.89182pt.
LaTeX Info: Redefining \. on input line 229.
LaTeX Info: Redefining \% on input line 229.

[19 <../Desarrollo/Imagenes//picos.png>]
<../Desarrollo/Imagenes//preproceso_3.png, id=656, 638.88687pt x 158.09062pt>
File: ../Desarrollo/Imagenes//preproceso_3.png Graphic file (type png)
<use ../Desarrollo/Imagenes//preproceso_3.png>
Package pdftex.def Info: ../Desarrollo/Imagenes//preproceso_3.png  used on inpu
t line 237.
(pdftex.def)             Requested size: 426.79135pt x 105.60898pt.
<../Desarrollo/Imagenes//vectv.png, id=660, 1445.4pt x 722.7pt>
File: ../Desarrollo/Imagenes//vectv.png Graphic file (type png)
<use ../Desarrollo/Imagenes//vectv.png>
Package pdftex.def Info: ../Desarrollo/Imagenes//vectv.png  used on input line 
248.
(pdftex.def)             Requested size: 298.75264pt x 149.37851pt.

Underfull \hbox (badness 1824) in paragraph at lines 253--254
\OT1/cmr/m/n/10.95 usua-rio, estas equi-va-len al \OT1/cmr/bx/sc/10.95 V\OT1/c
mr/m/n/10.95 . Es-te vec-tor esta com-pues-to por 200 ele-men-tos 
 []

LaTeX Info: Redefining \. on input line 260.
LaTeX Info: Redefining \% on input line 260.
[20 <../Desarrollo/Imagenes//preproceso_3.png> <../Desarrollo/Imagenes//vectv.p
ng>]
<../Desarrollo/Imagenes//arquitectura.png, id=670, 642.4pt x 207.27437pt>
File: ../Desarrollo/Imagenes//arquitectura.png Graphic file (type png)
<use ../Desarrollo/Imagenes//arquitectura.png>
Package pdftex.def Info: ../Desarrollo/Imagenes//arquitectura.png  used on inpu
t line 279.
(pdftex.def)             Requested size: 426.79135pt x 137.7092pt.
LaTeX Info: Redefining \. on input line 287.
LaTeX Info: Redefining \% on input line 287.
 [21 <../Desarrollo/Imagenes//arquitectura.png>]
LaTeX Info: Redefining \. on input line 300.
LaTeX Info: Redefining \% on input line 300.
 [22]
<../Desarrollo/Imagenes//model.png, id=683, 378.41376pt x 425.59pt>
File: ../Desarrollo/Imagenes//model.png Graphic file (type png)
<use ../Desarrollo/Imagenes//model.png>
Package pdftex.def Info: ../Desarrollo/Imagenes//model.png  used on input line 
305.
(pdftex.def)             Requested size: 256.07741pt x 288.00116pt.
LaTeX Info: Redefining \. on input line 321.
LaTeX Info: Redefining \% on input line 321.
 [23 <../Desarrollo/Imagenes//model.png>]
<../Desarrollo/Imagenes//compa.png, id=692, 649.92813pt x 296.60812pt>
File: ../Desarrollo/Imagenes//compa.png Graphic file (type png)
<use ../Desarrollo/Imagenes//compa.png>
Package pdftex.def Info: ../Desarrollo/Imagenes//compa.png  used on input line 
329.
(pdftex.def)             Requested size: 320.0935pt x 146.08148pt.
LaTeX Info: Redefining \. on input line 335.
LaTeX Info: Redefining \% on input line 335.
 [24 <../Desarrollo/Imagenes//compa.png>]
<../Desarrollo/Imagenes//acc_epo_1.png, id=701, 462.528pt x 346.896pt>
File: ../Desarrollo/Imagenes//acc_epo_1.png Graphic file (type png)
<use ../Desarrollo/Imagenes//acc_epo_1.png>
Package pdftex.def Info: ../Desarrollo/Imagenes//acc_epo_1.png  used on input l
ine 343.
(pdftex.def)             Requested size: 256.07741pt x 192.06905pt.
<../Desarrollo/Imagenes//acc_epo_2.png, id=702, 462.528pt x 346.896pt>
File: ../Desarrollo/Imagenes//acc_epo_2.png Graphic file (type png)
<use ../Desarrollo/Imagenes//acc_epo_2.png>
Package pdftex.def Info: ../Desarrollo/Imagenes//acc_epo_2.png  used on input l
ine 346.
(pdftex.def)             Requested size: 256.07741pt x 192.06905pt.
LaTeX Info: Redefining \. on input line 355.
LaTeX Info: Redefining \% on input line 355.
 [25 <../Desarrollo/Imagenes//acc_epo_1.png> <../Desarrollo/Imagenes//acc_epo_2
.png>]
<../Desarrollo/Imagenes//acc_loss_.png, id=712, 377.9721pt x 282.5757pt>
File: ../Desarrollo/Imagenes//acc_loss_.png Graphic file (type png)
<use ../Desarrollo/Imagenes//acc_loss_.png>
Package pdftex.def Info: ../Desarrollo/Imagenes//acc_loss_.png  used on input l
ine 361.
(pdftex.def)             Requested size: 298.75264pt x 223.34875pt.
LaTeX Info: Redefining \. on input line 410.
LaTeX Info: Redefining \% on input line 410.
 [26 <../Desarrollo/Imagenes//acc_loss_.png>]
LaTeX Info: Redefining \. on input line 421.
LaTeX Info: Redefining \% on input line 421.
 [27]
Cap\'{\i }tulo 4.
<../Desarrollo/Imagenes//cm_1.png, id=731, 1078.9911pt x 980.7039pt>
File: ../Desarrollo/Imagenes//cm_1.png Graphic file (type png)
<use ../Desarrollo/Imagenes//cm_1.png>
Package pdftex.def Info: ../Desarrollo/Imagenes//cm_1.png  used on input line 4
52.
(pdftex.def)             Requested size: 298.75264pt x 271.5425pt.
[28

]
Underfull \hbox (badness 10000) in paragraph at lines 462--463

 []


Underfull \hbox (badness 10000) in paragraph at lines 466--468

 []


Underfull \hbox (badness 10000) in paragraph at lines 471--473

 []

<../Desarrollo/Imagenes//report1_2_.png, id=738, 444.15938pt x 77.28876pt>
File: ../Desarrollo/Imagenes//report1_2_.png Graphic file (type png)
<use ../Desarrollo/Imagenes//report1_2_.png>
Package pdftex.def Info: ../Desarrollo/Imagenes//report1_2_.png  used on input 
line 485.
(pdftex.def)             Requested size: 341.43437pt x 59.41345pt.
LaTeX Info: Redefining \. on input line 488.
LaTeX Info: Redefining \% on input line 488.
[29 <../Desarrollo/Imagenes//cm_1.png>]
<../Desarrollo/Imagenes//cmc_1.png, id=750, 1218.4722pt x 625.8582pt>
File: ../Desarrollo/Imagenes//cmc_1.png Graphic file (type png)
<use ../Desarrollo/Imagenes//cmc_1.png>
Package pdftex.def Info: ../Desarrollo/Imagenes//cmc_1.png  used on input line 
499.
(pdftex.def)             Requested size: 426.79135pt x 219.21599pt.
LaTeX Info: Redefining \. on input line 506.
LaTeX Info: Redefining \% on input line 506.
 [30 <../Desarrollo/Imagenes//report1_2_.png> <../Desarrollo/Imagenes//cmc_1.pn
g>]
<../Desarrollo/Imagenes//cm_2.png, id=762, 1088.3862pt x 990.099pt>
File: ../Desarrollo/Imagenes//cm_2.png Graphic file (type png)
<use ../Desarrollo/Imagenes//cm_2.png>
Package pdftex.def Info: ../Desarrollo/Imagenes//cm_2.png  used on input line 5
26.
(pdftex.def)             Requested size: 298.75264pt x 271.77196pt.
LaTeX Info: Redefining \. on input line 532.
LaTeX Info: Redefining \% on input line 532.
 [31 <../Desarrollo/Imagenes//cm_2.png>]
<../Desarrollo/Imagenes//report2_2_.png, id=768, 445.665pt x 87.32625pt>
File: ../Desarrollo/Imagenes//report2_2_.png Graphic file (type png)
<use ../Desarrollo/Imagenes//report2_2_.png>
Package pdftex.def Info: ../Desarrollo/Imagenes//report2_2_.png  used on input 
line 535.
(pdftex.def)             Requested size: 341.43437pt x 66.90295pt.
<../Desarrollo/Imagenes//cmc_2.png, id=770, 1218.4722pt x 625.8582pt>
File: ../Desarrollo/Imagenes//cmc_2.png Graphic file (type png)
<use ../Desarrollo/Imagenes//cmc_2.png>
Package pdftex.def Info: ../Desarrollo/Imagenes//cmc_2.png  used on input line 
546.
(pdftex.def)             Requested size: 426.79135pt x 219.21599pt.
LaTeX Info: Redefining \. on input line 561.
LaTeX Info: Redefining \% on input line 561.
 [32 <../Desarrollo/Imagenes//report2_2_.png> <../Desarrollo/Imagenes//cmc_2.pn
g>]
<../Desarrollo/Imagenes//cm_.png, id=780, 1602.2259pt x 1566.0909pt>
File: ../Desarrollo/Imagenes//cm_.png Graphic file (type png)
<use ../Desarrollo/Imagenes//cm_.png>
Package pdftex.def Info: ../Desarrollo/Imagenes//cm_.png  used on input line 56
5.
(pdftex.def)             Requested size: 384.1096pt x 375.43936pt.
<../Desarrollo/Imagenes//cmc_todas.png, id=783, 1203.2955pt x 625.8582pt>
File: ../Desarrollo/Imagenes//cmc_todas.png Graphic file (type png)
<use ../Desarrollo/Imagenes//cmc_todas.png>
Package pdftex.def Info: ../Desarrollo/Imagenes//cmc_todas.png  used on input l
ine 576.
(pdftex.def)             Requested size: 426.79135pt x 221.97589pt.
LaTeX Info: Redefining \. on input line 581.
LaTeX Info: Redefining \% on input line 581.
 [33 <../Desarrollo/Imagenes//cm_.png>]
<../Desarrollo/Imagenes//rank1.png, id=790, 928.6695pt x 626.5809pt>
File: ../Desarrollo/Imagenes//rank1.png Graphic file (type png)
<use ../Desarrollo/Imagenes//rank1.png>
Package pdftex.def Info: ../Desarrollo/Imagenes//rank1.png  used on input line 
586.
(pdftex.def)             Requested size: 298.75264pt x 201.57123pt.
LaTeX Info: Redefining \. on input line 596.
LaTeX Info: Redefining \% on input line 596.
 [34 <../Desarrollo/Imagenes//cmc_todas.png> <../Desarrollo/Imagenes//rank1.png
>]
<../Desarrollo/Imagenes//interses_2_2.png, id=798, 537.00626pt x 154.5775pt>
File: ../Desarrollo/Imagenes//interses_2_2.png Graphic file (type png)
<use ../Desarrollo/Imagenes//interses_2_2.png>
Package pdftex.def Info: ../Desarrollo/Imagenes//interses_2_2.png  used on inpu
t line 599.
(pdftex.def)             Requested size: 341.43437pt x 98.28061pt.
<../Desarrollo/Imagenes//modelo1.png, id=799, 496.35437pt x 346.79562pt>
File: ../Desarrollo/Imagenes//modelo1.png Graphic file (type png)
<use ../Desarrollo/Imagenes//modelo1.png>
Package pdftex.def Info: ../Desarrollo/Imagenes//modelo1.png  used on input lin
e 625.
(pdftex.def)             Requested size: 192.0548pt x 134.18611pt.
<../Desarrollo/Imagenes//modelo2.png, id=800, 342.78062pt x 240.9pt>
File: ../Desarrollo/Imagenes//modelo2.png Graphic file (type png)
<use ../Desarrollo/Imagenes//modelo2.png>
Package pdftex.def Info: ../Desarrollo/Imagenes//modelo2.png  used on input lin
e 629.
(pdftex.def)             Requested size: 192.0548pt x 134.97658pt.
<../Desarrollo/Imagenes//modelo3.png, id=801, 466.24188pt x 327.2225pt>
File: ../Desarrollo/Imagenes//modelo3.png Graphic file (type png)
<use ../Desarrollo/Imagenes//modelo3.png>
Package pdftex.def Info: ../Desarrollo/Imagenes//modelo3.png  used on input lin
e 632.
(pdftex.def)             Requested size: 192.0548pt x 134.7912pt.
LaTeX Info: Redefining \. on input line 636.
LaTeX Info: Redefining \% on input line 636.
 [35 <../Desarrollo/Imagenes//interses_2_2.png>]
<../Desarrollo/Imagenes//tsne1.png, id=810, 363.5181pt x 275.3487pt>
File: ../Desarrollo/Imagenes//tsne1.png Graphic file (type png)
<use ../Desarrollo/Imagenes//tsne1.png>
Package pdftex.def Info: ../Desarrollo/Imagenes//tsne1.png  used on input line 
646.
(pdftex.def)             Requested size: 192.0548pt x 145.47194pt.
<../Desarrollo/Imagenes//tsne2.png, id=811, 293.095pt x 219.31938pt>
File: ../Desarrollo/Imagenes//tsne2.png Graphic file (type png)
<use ../Desarrollo/Imagenes//tsne2.png>
Package pdftex.def Info: ../Desarrollo/Imagenes//tsne2.png  used on input line 
649.
(pdftex.def)             Requested size: 192.0548pt x 143.71045pt.
<../Desarrollo/Imagenes//tsne3.png, id=812, 415.5525pt x 322.3242pt>
File: ../Desarrollo/Imagenes//tsne3.png Graphic file (type png)
<use ../Desarrollo/Imagenes//tsne3.png>
Package pdftex.def Info: ../Desarrollo/Imagenes//tsne3.png  used on input line 
652.
(pdftex.def)             Requested size: 192.0548pt x 148.96931pt.
LaTeX Info: Redefining \. on input line 656.
LaTeX Info: Redefining \% on input line 656.
 [36 <../Desarrollo/Imagenes//modelo1.png> <../Desarrollo/Imagenes//modelo2.png
> <../Desarrollo/Imagenes//modelo3.png>]
<../Desarrollo/Imagenes//consultas2.png, id=823, 602.75188pt x 308.65312pt>
File: ../Desarrollo/Imagenes//consultas2.png Graphic file (type png)
<use ../Desarrollo/Imagenes//consultas2.png>
Package pdftex.def Info: ../Desarrollo/Imagenes//consultas2.png  used on input 
line 665.
(pdftex.def)             Requested size: 469.47308pt x 240.40465pt.

Overfull \hbox (42.68173pt too wide) in paragraph at lines 665--666
 [][] 
 []

LaTeX Info: Redefining \. on input line 669.
LaTeX Info: Redefining \% on input line 669.
[37 <../Desarrollo/Imagenes//tsne1.png> <../Desarrollo/Imagenes//tsne2.png> <..
/Desarrollo/Imagenes//tsne3.png>]
<../Desarrollo/Imagenes//histo1_.png, id=835, 417.7206pt x 346.896pt>
File: ../Desarrollo/Imagenes//histo1_.png Graphic file (type png)
<use ../Desarrollo/Imagenes//histo1_.png>
Package pdftex.def Info: ../Desarrollo/Imagenes//histo1_.png  used on input lin
e 682.
(pdftex.def)             Requested size: 128.0387pt x 106.32979pt.
<../Desarrollo/Imagenes//histo2_.png, id=836, 416.9979pt x 346.896pt>
File: ../Desarrollo/Imagenes//histo2_.png Graphic file (type png)
<use ../Desarrollo/Imagenes//histo2_.png>
Package pdftex.def Info: ../Desarrollo/Imagenes//histo2_.png  used on input lin
e 685.
(pdftex.def)             Requested size: 128.0387pt x 106.51505pt.
<../Desarrollo/Imagenes//histo3_.png, id=837, 416.9979pt x 346.896pt>
File: ../Desarrollo/Imagenes//histo3_.png Graphic file (type png)
<use ../Desarrollo/Imagenes//histo3_.png>
Package pdftex.def Info: ../Desarrollo/Imagenes//histo3_.png  used on input lin
e 688.
(pdftex.def)             Requested size: 128.0387pt x 106.51505pt.
LaTeX Info: Redefining \. on input line 694.
LaTeX Info: Redefining \% on input line 694.
 [38 <../Desarrollo/Imagenes//consultas2.png> <../Desarrollo/Imagenes//histo1_.
png> <../Desarrollo/Imagenes//histo2_.png> <../Desarrollo/Imagenes//histo3_.png
>]

LaTeX Warning: Command \textordmasculine invalid in math mode on input line 707
.

<../Desarrollo/Imagenes//eer_24_2.png, id=853, 1445.4pt x 1084.05pt>
File: ../Desarrollo/Imagenes//eer_24_2.png Graphic file (type png)
<use ../Desarrollo/Imagenes//eer_24_2.png>
Package pdftex.def Info: ../Desarrollo/Imagenes//eer_24_2.png  used on input li
ne 717.
(pdftex.def)             Requested size: 362.77525pt x 272.07048pt.
LaTeX Info: Redefining \. on input line 723.
LaTeX Info: Redefining \% on input line 723.
[39 <../Desarrollo/Imagenes//eer_24_2.png>]
<../Desarrollo/Imagenes//eer_compa.png, id=862, 1445.4pt x 1084.05pt>
File: ../Desarrollo/Imagenes//eer_compa.png Graphic file (type png)
<use ../Desarrollo/Imagenes//eer_compa.png>
Package pdftex.def Info: ../Desarrollo/Imagenes//eer_compa.png  used on input l
ine 729.
(pdftex.def)             Requested size: 362.77525pt x 272.07048pt.
LaTeX Info: Redefining \. on input line 741.
LaTeX Info: Redefining \% on input line 741.
 [40 <../Desarrollo/Imagenes//eer_compa.png>]
<../Desarrollo/Imagenes//var_.png, id=870, 1445.4pt x 629.4717pt>
File: ../Desarrollo/Imagenes//var_.png Graphic file (type png)
<use ../Desarrollo/Imagenes//var_.png>
Package pdftex.def Info: ../Desarrollo/Imagenes//var_.png  used on input line 7
45.
(pdftex.def)             Requested size: 384.1096pt x 167.27985pt.
<../Desarrollo/Imagenes//eer_1_.png, id=872, 1237.9851pt x 911.3247pt>
File: ../Desarrollo/Imagenes//eer_1_.png Graphic file (type png)
<use ../Desarrollo/Imagenes//eer_1_.png>
Package pdftex.def Info: ../Desarrollo/Imagenes//eer_1_.png  used on input line
 756.
(pdftex.def)             Requested size: 128.0387pt x 94.25267pt.
<../Desarrollo/Imagenes//eer_2_.png, id=873, 1256.0526pt x 917.1063pt>
File: ../Desarrollo/Imagenes//eer_2_.png Graphic file (type png)
<use ../Desarrollo/Imagenes//eer_2_.png>
Package pdftex.def Info: ../Desarrollo/Imagenes//eer_2_.png  used on input line
 759.
(pdftex.def)             Requested size: 128.0387pt x 93.47923pt.
<../Desarrollo/Imagenes//eer_3_.png, id=874, 1236.5397pt x 904.8204pt>
File: ../Desarrollo/Imagenes//eer_3_.png Graphic file (type png)
<use ../Desarrollo/Imagenes//eer_3_.png>
Package pdftex.def Info: ../Desarrollo/Imagenes//eer_3_.png  used on input line
 762.
(pdftex.def)             Requested size: 128.0387pt x 93.69043pt.

Underfull \hbox (badness 10000) in paragraph at lines 750--765

 []

LaTeX Info: Redefining \. on input line 782.
LaTeX Info: Redefining \% on input line 782.
[41 <../Desarrollo/Imagenes//var_.png> <../Desarrollo/Imagenes//eer_1_.png> <..
/Desarrollo/Imagenes//eer_2_.png> <../Desarrollo/Imagenes//eer_3_.png>]
<../Desarrollo/Imagenes//roc_definitiva.png, id=887, 1445.4pt x 722.7pt>
File: ../Desarrollo/Imagenes//roc_definitiva.png Graphic file (type png)
<use ../Desarrollo/Imagenes//roc_definitiva.png>
Package pdftex.def Info: ../Desarrollo/Imagenes//roc_definitiva.png  used on in
put line 788.
(pdftex.def)             Requested size: 426.79135pt x 213.39314pt.
)
(../Conclusiones/Tex/Conclusiones.tex
LaTeX Info: Redefining \. on input line 8.
LaTeX Info: Redefining \% on input line 8.
 [42 <../Desarrollo/Imagenes//roc_definitiva.png>]
Cap\'{\i }tulo 5.
[43

]
LaTeX Info: Redefining \. on input line 115.
LaTeX Info: Redefining \% on input line 115.
 [44])
LaTeX Info: Redefining \. on input line 142.
LaTeX Info: Redefining \% on input line 142.
 [45] [46] (../ApendiceA/Tex/ApendiceA.tex
Ap\'{e}ndice A.
<../ApendiceA/Imagenes//clasif1_.png, id=918, 574.145pt x 365.86688pt>
File: ../ApendiceA/Imagenes//clasif1_.png Graphic file (type png)
<use ../ApendiceA/Imagenes//clasif1_.png>
Package pdftex.def Info: ../ApendiceA/Imagenes//clasif1_.png  used on input lin
e 15.
(pdftex.def)             Requested size: 469.47308pt x 299.17537pt.

Overfull \hbox (42.68173pt too wide) in paragraph at lines 15--16
[][] 
 []

pdfTeX warning (ext4): destination with the same identifier (name{page.I}) has 
been already used, duplicate ignored
<to be read again> 
                   \relax 
l.19 \newpage
              [1


 <../ApendiceA/Imagenes//clasif1_.png>]
<../ApendiceA/Imagenes//clasif2.png, id=923, 541.02126pt x 348.80313pt>
File: ../ApendiceA/Imagenes//clasif2.png Graphic file (type png)
<use ../ApendiceA/Imagenes//clasif2.png>
Package pdftex.def Info: ../ApendiceA/Imagenes//clasif2.png  used on input line
 26.
(pdftex.def)             Requested size: 469.47308pt x 302.68454pt.

Overfull \hbox (42.68173pt too wide) in paragraph at lines 26--27
[][] 
 []

LaTeX Info: Redefining \. on input line 31.
LaTeX Info: Redefining \% on input line 31.
pdfTeX warning (ext4): destination with the same identifier (name{page.II}) has
 been already used, duplicate ignored
<to be read again> 
                   \relax 
l.31 \newpage
              [2 <../ApendiceA/Imagenes//clasif2.png>]
<../ApendiceA/Imagenes//medias.png, id=928, 239.89626pt x 46.1725pt>
File: ../ApendiceA/Imagenes//medias.png Graphic file (type png)
<use ../ApendiceA/Imagenes//medias.png>
Package pdftex.def Info: ../ApendiceA/Imagenes//medias.png  used on input line 
43.
(pdftex.def)             Requested size: 426.79135pt x 82.15082pt.
<../ApendiceA/Imagenes//clasif_.png, id=929, 588.69937pt x 318.69063pt>
File: ../ApendiceA/Imagenes//clasif_.png Graphic file (type png)
<use ../ApendiceA/Imagenes//clasif_.png>
Package pdftex.def Info: ../ApendiceA/Imagenes//clasif_.png  used on input line
 53.
(pdftex.def)             Requested size: 426.79135pt x 231.04234pt.
)
(../ApendiceC/Tex/ApendiceC.tex
LaTeX Info: Redefining \. on input line 2.
LaTeX Info: Redefining \% on input line 2.
pdfTeX warning (ext4): destination with the same identifier (name{page.III}) ha
s been already used, duplicate ignored
<to be read again> 
                   \relax 
l.2 \chapter
            { Anexo II: Visualizacin de los vectores de caractersticas con...
[3 <../ApendiceA/Imagenes//medias.png> <../ApendiceA/Imagenes//clasif_.png>]
Ap\'{e}ndice B.

Underfull \hbox (badness 10000) in paragraph at lines 12--14

 []

<../ApendiceC/Imagenes//pca1.png, id=935, 310.761pt x 229.8186pt>
File: ../ApendiceC/Imagenes//pca1.png Graphic file (type png)
<use ../ApendiceC/Imagenes//pca1.png>
Package pdftex.def Info: ../ApendiceC/Imagenes//pca1.png  used on input line 19
.
(pdftex.def)             Requested size: 136.57635pt x 101.00476pt.
<../ApendiceC/Imagenes//pca2.png, id=936, 406.8801pt x 292.6935pt>
File: ../ApendiceC/Imagenes//pca2.png Graphic file (type png)
<use ../ApendiceC/Imagenes//pca2.png>
Package pdftex.def Info: ../ApendiceC/Imagenes//pca2.png  used on input line 22
.
(pdftex.def)             Requested size: 136.57635pt x 98.24608pt.
<../ApendiceC/Imagenes//pca3.png, id=937, 418.4433pt x 312.9291pt>
File: ../ApendiceC/Imagenes//pca3.png Graphic file (type png)
<use ../ApendiceC/Imagenes//pca3.png>
Package pdftex.def Info: ../ApendiceC/Imagenes//pca3.png  used on input line 25
.
(pdftex.def)             Requested size: 136.57635pt x 102.13525pt.
) (../ApendiceB/Tex/ApendiceB.texpdfTeX warning (ext4): destination with the sa
me identifier (name{page.IV}) has been already used, duplicate ignored
<to be read again> 
                   \relax 
l.2 \chapter
            {Anexo III: Aspectos ticos, econmicos, sociales y ambientales}
[4

 <../ApendiceC/Imagenes//pca1.png> <../ApendiceC/Imagenes//pca2.png> <../Apendi
ceC/Imagenes//pca3.png>]
Ap\'{e}ndice C.
pdfTeX warning (ext4): destination with the same identifier (name{page.V}) has 
been already used, duplicate ignored
<to be read again> 
                   \relax 
l.21 
      [5

]
<../ApendiceB/Imagenes//tabla_.png, id=954, 666.49pt x 249.93375pt>
File: ../ApendiceB/Imagenes//tabla_.png Graphic file (type png)
<use ../ApendiceB/Imagenes//tabla_.png>
Package pdftex.def Info: ../ApendiceB/Imagenes//tabla_.png  used on input line 
28.
(pdftex.def)             Requested size: 426.79135pt x 160.04857pt.
)
LaTeX Info: Redefining \. on input line 152.
LaTeX Info: Redefining \% on input line 152.
pdfTeX warning (ext4): destination with the same identifier (name{page.VI}) has
 been already used, duplicate ignored
<to be read again> 
                   \relax 
l.152 \clearpage
                 [6 <../ApendiceB/Imagenes//tabla_.png>]

Package Fancyhdr Warning: \fancyhead's `E' option without twoside option is use
less on input line 153.


Package Fancyhdr Warning: \fancyhead's `E' option without twoside option is use
less on input line 153.

(TFG.bblpdfTeX warning (ext4): destination with the same identifier (name{page.
VII}) has been already used, duplicate ignored
<to be read again> 
                   \relax 
l.81 
      [7


]pdfTeX warning (ext4): destination with the same identifier (name{page.VIII}) 
has been already used, duplicate ignored
<to be read again> 
                   \relax 
l.159 
       [8]pdfTeX warning (ext4): destination with the same identifier (name{pag
e.IX}) has been already used, duplicate ignored
<to be read again> 
                   \relax 
l.252 \bibitem{rank}
                     [9])

Package glossaries Warning: No \printglossary or \printglossaries found. 
(Remove \makeglossaries if you don't want any glossaries.) 
This document will not have a glossary.


Package caption Warning: Unused \captionsetup[schema] on input line 23.
See the caption package documentation for explanation.


Package caption Warning: Unused \captionsetup[cuadro] on input line 27.
See the caption package documentation for explanation.

pdfTeX warning (ext4): destination with the same identifier (name{page.X}) has 
been already used, duplicate ignored
<to be read again> 
                   \relax 
l.159 \end{document}
                     [10]
Package atveryend Info: Empty hook `BeforeClearDocument' on input line 159.
Package atveryend Info: Empty hook `AfterLastShipout' on input line 159.
 (TFG.aux
LaTeX Info: Redefining \. on input line 32.
LaTeX Info: Redefining \% on input line 32.
LaTeX Info: Redefining \. on input line 38.
LaTeX Info: Redefining \% on input line 38.
)
Package atveryend Info: Executing hook `AtVeryEndDocument' on input line 159.
Package atveryend Info: Executing hook `AtEndAfterFileList' on input line 159.
Package rerunfilecheck Info: File `TFG.out' has not changed.
(rerunfilecheck)             Checksum: 10115A2FFF9960418608F262E69E20A2;3255.


LaTeX Font Warning: Some font shapes were not available, defaults substituted.

Package atveryend Info: Empty hook `AtVeryVeryEnd' on input line 159.
 )
(\end occurred inside a group at level 1)

### simple group (level 1) entered at line 118 ({)
### bottom level 
Here is how much of TeX's memory you used:
 27047 strings out of 492452
 481481 string characters out of 3120064
 619120 words of memory out of 3000000
 30509 multiletter control sequences out of 15000+200000
 22439 words of font info for 83 fonts, out of 3000000 for 9000
 1141 hyphenation exceptions out of 8191
 55i,13n,96p,1622b,1244s stack positions out of 5000i,500n,10000p,200000b,50000s
pdfTeX warning (dest): name{glo:ecg} has been referenced but do
es not exist, replaced by a fixed one

<C:/Users/iru97/AppData/Local/Programs/MiKTeX 2.9/fonts/type1/public/amsfonts/c
m/cmbx10.pfb><C:/Users/iru97/AppData/Local/Programs/MiKTeX 2.9/fonts/type1/publ
ic/amsfonts/cm/cmbx12.pfb><C:/Users/iru97/AppData/Local/Programs/MiKTeX 2.9/fon
ts/type1/public/amsfonts/cm/cmbx8.pfb><C:/Users/iru97/AppData/Local/Programs/Mi
KTeX 2.9/fonts/type1/public/amsfonts/cm/cmbxti10.pfb><C:/Users/iru97/AppData/Lo
cal/Programs/MiKTeX 2.9/fonts/type1/public/amsfonts/cm/cmcsc10.pfb><C:/Users/ir
u97/AppData/Local/Programs/MiKTeX 2.9/fonts/type1/public/amsfonts/cm/cmex10.pfb
><C:/Users/iru97/AppData/Local/Programs/MiKTeX 2.9/fonts/type1/public/amsfonts/
cm/cmmi10.pfb><C:/Users/iru97/AppData/Local/Programs/MiKTeX 2.9/fonts/type1/pub
lic/amsfonts/cm/cmmi8.pfb><C:/Users/iru97/AppData/Local/Programs/MiKTeX 2.9/fon
ts/type1/public/amsfonts/cm/cmr10.pfb><C:/Users/iru97/AppData/Local/Programs/Mi
KTeX 2.9/fonts/type1/public/amsfonts/cm/cmr12.pfb><C:/Users/iru97/AppData/Local
/Programs/MiKTeX 2.9/fonts/type1/public/amsfonts/cm/cmr6.pfb><C:/Users/iru97/Ap
pData/Local/Programs/MiKTeX 2.9/fonts/type1/public/amsfonts/cm/cmr8.pfb><C:/Use
rs/iru97/AppData/Local/Programs/MiKTeX 2.9/fonts/type1/public/amsfonts/cm/cmss1
0.pfb><C:/Users/iru97/AppData/Local/Programs/MiKTeX 2.9/fonts/type1/public/amsf
onts/cm/cmss12.pfb><C:/Users/iru97/AppData/Local/Programs/MiKTeX 2.9/fonts/type
1/public/amsfonts/cm/cmss17.pfb><C:/Users/iru97/AppData/Local/Programs/MiKTeX 2
.9/fonts/type1/public/amsfonts/cm/cmssbx10.pfb><C:/Users/iru97/AppData/Local/Pr
ograms/MiKTeX 2.9/fonts/type1/public/amsfonts/cm/cmsy10.pfb><C:/Users/iru97/App
Data/Local/Programs/MiKTeX 2.9/fonts/type1/public/amsfonts/cm/cmsy8.pfb><C:/Use
rs/iru97/AppData/Local/Programs/MiKTeX 2.9/fonts/type1/public/amsfonts/cm/cmti1
0.pfb>
Output written on TFG.pdf (73 pages, 6104100 bytes).
PDF statistics:
 1094 PDF objects out of 1200 (max. 8388607)
 217 named destinations out of 1000 (max. 500000)
 650 words of extra memory for PDF output out of 10000 (max. 10000000)

